This file contains any messages produced by compilers while
running configure, to aid debugging if configure makes a mistake.

It was created by configure, which was
generated by GNU Autoconf 2.63.  Invocation command line was

  $ ./configure --prefix /Users/ryan/src/rotobox/3rd_party_build --with-python-install-dir=/Users/ryan/src/rotobox/3rd_party_build/python

## --------- ##
## Platform. ##
## --------- ##

hostname = Ryans-iMac.ryan-david.com
uname -m = x86_64
uname -r = 16.0.0
uname -s = Darwin
uname -v = Darwin Kernel Version 16.0.0: Mon Aug 29 17:56:20 PDT 2016; root:xnu-3789.1.32~3/RELEASE_X86_64

/usr/bin/uname -p = i386
/bin/uname -X     = unknown

/bin/arch              = unknown
/usr/bin/arch -k       = unknown
/usr/convex/getsysinfo = unknown
/usr/bin/hostinfo      = Mach kernel version:
	 Darwin Kernel Version 16.0.0: Mon Aug 29 17:56:20 PDT 2016; root:xnu-3789.1.32~3/RELEASE_X86_64
Kernel configured for up to 4 processors.
4 processors are physically available.
4 processors are logically available.
Processor type: x86_64h (Intel x86-64h Haswell)
Processors active: 0 1 2 3
Primary memory available: 8.00 gigabytes
Default processor set: 240 tasks, 863 threads, 4 processors
Load average: 1.30, Mach factor: 2.69
/bin/machine           = unknown
/usr/bin/oslevel       = unknown
/bin/universe          = unknown

PATH: /opt/local/bin
PATH: /opt/local/sbin
PATH: /usr/local/bin
PATH: /usr/bin
PATH: /bin
PATH: /usr/sbin
PATH: /sbin


## ----------- ##
## Core tests. ##
## ----------- ##

configure:2251: checking whether to disable maintainer-specific portions of Makefiles
configure:2260: result: yes
configure:2311: checking build system type
configure:2329: result: x86_64-apple-darwin16.0.0
configure:2351: checking host system type
configure:2366: result: x86_64-apple-darwin16.0.0
configure:2448: checking for a BSD-compatible install
configure:2516: result: /usr/bin/install -c
configure:2527: checking whether build environment is sane
configure:2587: result: yes
configure:2728: checking for a thread-safe mkdir -p
configure:2767: result: ./install-sh -c -d
configure:2780: checking for gawk
configure:2810: result: no
configure:2780: checking for mawk
configure:2810: result: no
configure:2780: checking for nawk
configure:2810: result: no
configure:2780: checking for awk
configure:2796: found /usr/bin/awk
configure:2807: result: awk
configure:2818: checking whether make sets $(MAKE)
configure:2840: result: yes
configure:2987: checking for gcc
configure:3003: found /usr/bin/gcc
configure:3014: result: gcc
configure:3246: checking for C compiler version
configure:3254: gcc --version >&5
Configured with: --prefix=/Applications/Xcode.app/Contents/Developer/usr --with-gxx-include-dir=/usr/include/c++/4.2.1
Apple LLVM version 8.0.0 (clang-800.0.38)
Target: x86_64-apple-darwin16.0.0
Thread model: posix
InstalledDir: /Applications/Xcode.app/Contents/Developer/Toolchains/XcodeDefault.xctoolchain/usr/bin
configure:3258: $? = 0
configure:3265: gcc -v >&5
Configured with: --prefix=/Applications/Xcode.app/Contents/Developer/usr --with-gxx-include-dir=/usr/include/c++/4.2.1
Apple LLVM version 8.0.0 (clang-800.0.38)
Target: x86_64-apple-darwin16.0.0
Thread model: posix
InstalledDir: /Applications/Xcode.app/Contents/Developer/Toolchains/XcodeDefault.xctoolchain/usr/bin
configure:3269: $? = 0
configure:3276: gcc -V >&5
clang: error: argument to '-V' is missing (expected 1 value)
clang: error: no input files
configure:3280: $? = 1
configure:3303: checking for C compiler default output file name
configure:3325: gcc  -I/Users/ryan/src/rotobox/3rd_party_build/include -L/Users/ryan/src/rotobox/3rd_party_build/lib conftest.c  >&5
configure:3329: $? = 0
configure:3367: result: a.out
configure:3386: checking whether the C compiler works
configure:3396: ./a.out
configure:3400: $? = 0
configure:3419: result: yes
configure:3426: checking whether we are cross compiling
configure:3428: result: no
configure:3431: checking for suffix of executables
configure:3438: gcc -o conftest  -I/Users/ryan/src/rotobox/3rd_party_build/include -L/Users/ryan/src/rotobox/3rd_party_build/lib conftest.c  >&5
configure:3442: $? = 0
configure:3468: result: 
configure:3474: checking for suffix of object files
configure:3500: gcc -c  -I/Users/ryan/src/rotobox/3rd_party_build/include conftest.c >&5
configure:3504: $? = 0
configure:3529: result: o
configure:3533: checking whether we are using the GNU C compiler
configure:3562: gcc -c  -I/Users/ryan/src/rotobox/3rd_party_build/include conftest.c >&5
configure:3569: $? = 0
configure:3586: result: yes
configure:3595: checking whether gcc accepts -g
configure:3625: gcc -c -g -I/Users/ryan/src/rotobox/3rd_party_build/include conftest.c >&5
configure:3632: $? = 0
configure:3733: result: yes
configure:3750: checking for gcc option to accept ISO C89
configure:3824: gcc  -c -g -O2 -I/Users/ryan/src/rotobox/3rd_party_build/include conftest.c >&5
configure:3831: $? = 0
configure:3854: result: none needed
configure:3883: checking for style of include used by make
configure:3911: result: GNU
configure:3936: checking dependency style of gcc
configure:4046: result: gcc3
configure:4075: checking for a BSD-compatible install
configure:4143: result: /usr/bin/install -c
configure:4154: checking whether ln -s works
configure:4158: result: yes
configure:4165: checking for a thread-safe mkdir -p
configure:4204: result: ./install-sh -c -d
configure:4212: checking how to run the C preprocessor
configure:4252: gcc -E -I/Users/ryan/src/rotobox/3rd_party_build/include conftest.c
configure:4259: $? = 0
configure:4290: gcc -E -I/Users/ryan/src/rotobox/3rd_party_build/include conftest.c
conftest.c:10:10: fatal error: 'ac_nonexistent.h' file not found
#include <ac_nonexistent.h>
         ^
1 error generated.
configure:4297: $? = 1
configure: failed program was:
| /* confdefs.h.  */
| #define PACKAGE_NAME ""
| #define PACKAGE_TARNAME ""
| #define PACKAGE_VERSION ""
| #define PACKAGE_STRING ""
| #define PACKAGE_BUGREPORT ""
| #define PACKAGE "libxml2"
| #define VERSION "2.9.4"
| /* end confdefs.h.  */
| #include <ac_nonexistent.h>
configure:4330: result: gcc -E
configure:4359: gcc -E -I/Users/ryan/src/rotobox/3rd_party_build/include conftest.c
configure:4366: $? = 0
configure:4397: gcc -E -I/Users/ryan/src/rotobox/3rd_party_build/include conftest.c
conftest.c:10:10: fatal error: 'ac_nonexistent.h' file not found
#include <ac_nonexistent.h>
         ^
1 error generated.
configure:4404: $? = 1
configure: failed program was:
| /* confdefs.h.  */
| #define PACKAGE_NAME ""
| #define PACKAGE_TARNAME ""
| #define PACKAGE_VERSION ""
| #define PACKAGE_STRING ""
| #define PACKAGE_BUGREPORT ""
| #define PACKAGE "libxml2"
| #define VERSION "2.9.4"
| /* end confdefs.h.  */
| #include <ac_nonexistent.h>
configure:4445: checking for mv
configure:4463: found /bin/mv
configure:4476: result: /bin/mv
configure:4486: checking for tar
configure:4504: found /usr/bin/tar
configure:4517: result: /usr/bin/tar
configure:4527: checking for perl
configure:4545: found /usr/bin/perl
configure:4558: result: /usr/bin/perl
configure:4568: checking for wget
configure:4599: result: /usr/bin/wget
configure:4609: checking for xmllint
configure:4627: found /opt/local/bin/xmllint
configure:4640: result: /opt/local/bin/xmllint
configure:4650: checking for xsltproc
configure:4668: found /usr/bin/xsltproc
configure:4681: result: /usr/bin/xsltproc
configure:4738: checking for pkg-config
configure:4756: found /opt/local/bin/pkg-config
configure:4768: result: /opt/local/bin/pkg-config
configure:4793: checking pkg-config is at least version 0.9.0
configure:4796: result: yes
configure:4831: checking for a sed that does not truncate output
configure:4897: result: /usr/bin/sed
configure:4915: checking for grep that handles long lines and -e
configure:4975: result: /usr/bin/grep
configure:4980: checking for egrep
configure:5044: result: /usr/bin/grep -E
configure:5049: checking for fgrep
configure:5113: result: /usr/bin/grep -F
configure:5148: checking for ld used by gcc
configure:5215: result: /Applications/Xcode.app/Contents/Developer/Toolchains/XcodeDefault.xctoolchain/usr/bin/ld
configure:5224: checking if the linker (/Applications/Xcode.app/Contents/Developer/Toolchains/XcodeDefault.xctoolchain/usr/bin/ld) is GNU ld
configure:5239: result: no
configure:5251: checking for BSD- or MS-compatible name lister (nm)
configure:5300: result: /usr/bin/nm -B
configure:5418: checking the name lister (/usr/bin/nm -B) interface
configure:5425: gcc -c -g -O2 -I/Users/ryan/src/rotobox/3rd_party_build/include conftest.c >&5
configure:5428: /usr/bin/nm -B "conftest.o"
configure:5431: output
00000000000001f8 S _some_variable
configure:5438: result: BSD nm
configure:5442: checking the maximum length of command line arguments
configure:5562: result: 196608
configure:5579: checking whether the shell understands some XSI constructs
configure:5589: result: yes
configure:5593: checking whether the shell understands "+="
configure:5599: result: yes
configure:5634: checking for /Applications/Xcode.app/Contents/Developer/Toolchains/XcodeDefault.xctoolchain/usr/bin/ld option to reload object files
configure:5641: result: -r
configure:5710: checking for objdump
configure:5726: found /usr/bin/objdump
configure:5737: result: objdump
configure:5769: checking how to recognize dependent libraries
configure:5965: result: pass_all
configure:6025: checking for ar
configure:6041: found /opt/local/bin/ar
configure:6052: result: ar
configure:6130: checking for strip
configure:6146: found /opt/local/bin/strip
configure:6157: result: strip
configure:6229: checking for ranlib
configure:6245: found /opt/local/bin/ranlib
configure:6256: result: ranlib
configure:6346: checking command to parse /usr/bin/nm -B output from gcc object
configure:6464: gcc -c -g -O2 -I/Users/ryan/src/rotobox/3rd_party_build/include conftest.c >&5
configure:6467: $? = 0
configure:6471: /usr/bin/nm -B conftest.o \| sed -n -e 's/^.*[	 ]\([BCDEGRST][BCDEGRST]*\)[	 ][	 ]*\([_A-Za-z][_A-Za-z0-9]*\)$/\1 \2 \2/p' \> conftest.nm
configure:6474: $? = 0
cannot find nm_test_var in conftest.nm
configure:6464: gcc -c -g -O2 -I/Users/ryan/src/rotobox/3rd_party_build/include conftest.c >&5
configure:6467: $? = 0
configure:6471: /usr/bin/nm -B conftest.o \| sed -n -e 's/^.*[	 ]\([BCDEGRST][BCDEGRST]*\)[	 ][	 ]*_\([_A-Za-z][_A-Za-z0-9]*\)$/\1 _\2 \2/p' \> conftest.nm
configure:6474: $? = 0
configure:6528: gcc -o conftest -g -O2 -I/Users/ryan/src/rotobox/3rd_party_build/include -L/Users/ryan/src/rotobox/3rd_party_build/lib conftest.c conftstm.o >&5
warning: (x86_64)  could not find object file symbol for symbol _main
configure:6531: $? = 0
configure:6569: result: ok
configure:6863: checking for dsymutil
configure:6879: found /usr/bin/dsymutil
configure:6890: result: dsymutil
configure:6955: checking for nmedit
configure:6971: found /opt/local/bin/nmedit
configure:6982: result: nmedit
configure:7047: checking for lipo
configure:7063: found /opt/local/bin/lipo
configure:7074: result: lipo
configure:7139: checking for otool
configure:7155: found /opt/local/bin/otool
configure:7166: result: otool
configure:7231: checking for otool64
configure:7261: result: no
configure:7306: checking for -single_module linker flag
gcc -g -O2 -L/Users/ryan/src/rotobox/3rd_party_build/lib -o libconftest.dylib -dynamiclib -Wl,-single_module conftest.c
configure:7333: result: yes
configure:7335: checking for -exported_symbols_list linker flag
configure:7365: gcc -o conftest -g -O2 -I/Users/ryan/src/rotobox/3rd_party_build/include -L/Users/ryan/src/rotobox/3rd_party_build/lib -Wl,-exported_symbols_list,conftest.sym conftest.c  >&5
configure:7372: $? = 0
configure:7394: result: yes
configure:7432: checking for ANSI C header files
configure:7462: gcc -c -g -O2 -I/Users/ryan/src/rotobox/3rd_party_build/include conftest.c >&5
configure:7469: $? = 0
configure:7568: gcc -o conftest -g -O2 -I/Users/ryan/src/rotobox/3rd_party_build/include -L/Users/ryan/src/rotobox/3rd_party_build/lib conftest.c  >&5
configure:7572: $? = 0
configure:7578: ./conftest
configure:7582: $? = 0
configure:7600: result: yes
configure:7624: checking for sys/types.h
configure:7645: gcc -c -g -O2 -I/Users/ryan/src/rotobox/3rd_party_build/include conftest.c >&5
configure:7652: $? = 0
configure:7669: result: yes
configure:7624: checking for sys/stat.h
configure:7645: gcc -c -g -O2 -I/Users/ryan/src/rotobox/3rd_party_build/include conftest.c >&5
configure:7652: $? = 0
configure:7669: result: yes
configure:7624: checking for stdlib.h
configure:7645: gcc -c -g -O2 -I/Users/ryan/src/rotobox/3rd_party_build/include conftest.c >&5
configure:7652: $? = 0
configure:7669: result: yes
configure:7624: checking for string.h
configure:7645: gcc -c -g -O2 -I/Users/ryan/src/rotobox/3rd_party_build/include conftest.c >&5
configure:7652: $? = 0
configure:7669: result: yes
configure:7624: checking for memory.h
configure:7645: gcc -c -g -O2 -I/Users/ryan/src/rotobox/3rd_party_build/include conftest.c >&5
configure:7652: $? = 0
configure:7669: result: yes
configure:7624: checking for strings.h
configure:7645: gcc -c -g -O2 -I/Users/ryan/src/rotobox/3rd_party_build/include conftest.c >&5
configure:7652: $? = 0
configure:7669: result: yes
configure:7624: checking for inttypes.h
configure:7645: gcc -c -g -O2 -I/Users/ryan/src/rotobox/3rd_party_build/include conftest.c >&5
configure:7652: $? = 0
configure:7669: result: yes
configure:7624: checking for stdint.h
configure:7645: gcc -c -g -O2 -I/Users/ryan/src/rotobox/3rd_party_build/include conftest.c >&5
configure:7652: $? = 0
configure:7669: result: yes
configure:7624: checking for unistd.h
configure:7645: gcc -c -g -O2 -I/Users/ryan/src/rotobox/3rd_party_build/include conftest.c >&5
configure:7652: $? = 0
configure:7669: result: yes
configure:7687: checking for dlfcn.h
configure:7708: gcc -c -g -O2 -I/Users/ryan/src/rotobox/3rd_party_build/include conftest.c >&5
configure:7715: $? = 0
configure:7732: result: yes
configure:7918: checking for objdir
configure:7933: result: .libs
configure:8229: checking if gcc supports -fno-rtti -fno-exceptions
configure:8247: gcc -c -g -O2 -I/Users/ryan/src/rotobox/3rd_party_build/include -fno-rtti -fno-exceptions conftest.c >&5
configure:8251: $? = 0
configure:8264: result: yes
configure:8284: checking for gcc option to produce PIC
configure:8556: result: -fno-common -DPIC
configure:8568: checking if gcc PIC flag -fno-common -DPIC works
configure:8586: gcc -c -g -O2 -I/Users/ryan/src/rotobox/3rd_party_build/include -fno-common -DPIC -DPIC conftest.c >&5
configure:8590: $? = 0
configure:8603: result: yes
configure:8627: checking if gcc static flag -static works
configure:8655: result: no
configure:8670: checking if gcc supports -c -o file.o
configure:8691: gcc -c -g -O2 -I/Users/ryan/src/rotobox/3rd_party_build/include -o out/conftest2.o conftest.c >&5
configure:8695: $? = 0
configure:8717: result: yes
configure:8725: checking if gcc supports -c -o file.o
configure:8772: result: yes
configure:8805: checking whether the gcc linker (/Applications/Xcode.app/Contents/Developer/Toolchains/XcodeDefault.xctoolchain/usr/bin/ld) supports shared libraries
configure:9879: result: yes
configure:10118: checking dynamic linker characteristics
configure:10804: result: darwin16.0.0 dyld
configure:10906: checking how to hardcode library paths into programs
configure:10931: result: immediate
configure:11764: checking whether stripping libraries is possible
configure:11778: result: yes
configure:11804: checking if libtool supports shared libraries
configure:11806: result: yes
configure:11809: checking whether to build shared libraries
configure:11830: result: yes
configure:11833: checking whether to build static libraries
configure:11837: result: yes
configure:12358: checking for Z
configure:12365: $PKG_CONFIG --exists --print-errors "zlib"
Package zlib was not found in the pkg-config search path.
Perhaps you should add the directory containing `zlib.pc'
to the PKG_CONFIG_PATH environment variable
No package 'zlib' found
configure:12368: $? = 1
configure:12381: $PKG_CONFIG --exists --print-errors "zlib"
Package zlib was not found in the pkg-config search path.
Perhaps you should add the directory containing `zlib.pc'
to the PKG_CONFIG_PATH environment variable
No package 'zlib' found
configure:12384: $? = 1
No package 'zlib' found
configure:12411: result: no
configure:12441: checking zlib.h usability
configure:12458: gcc -c -g -O2 -I/Users/ryan/src/rotobox/3rd_party_build/include conftest.c >&5
configure:12465: $? = 0
configure:12479: result: yes
configure:12483: checking zlib.h presence
configure:12498: gcc -E -I/Users/ryan/src/rotobox/3rd_party_build/include conftest.c
configure:12505: $? = 0
configure:12519: result: yes
configure:12547: checking for zlib.h
configure:12556: result: yes
configure:12566: checking for gzread in -lz
configure:12601: gcc -o conftest -g -O2 -I/Users/ryan/src/rotobox/3rd_party_build/include -L/Users/ryan/src/rotobox/3rd_party_build/lib conftest.c -lz   >&5
configure:12608: $? = 0
configure:12629: result: yes
configure:12830: checking for LZMA
configure:12837: $PKG_CONFIG --exists --print-errors "liblzma"
configure:12840: $? = 0
configure:12853: $PKG_CONFIG --exists --print-errors "liblzma"
configure:12856: $? = 0
configure:12891: result: yes
configure:13142: checking lzma.h usability
configure:13159: gcc -c -g -O2 -I/Users/ryan/src/rotobox/3rd_party_build/include conftest.c >&5
configure:13166: $? = 0
configure:13180: result: yes
configure:13184: checking lzma.h presence
configure:13199: gcc -E -I/Users/ryan/src/rotobox/3rd_party_build/include conftest.c
configure:13206: $? = 0
configure:13220: result: yes
configure:13248: checking for lzma.h
configure:13257: result: yes
configure:13302: checking for dirent.h that defines DIR
configure:13331: gcc -c -g -O2 -I/Users/ryan/src/rotobox/3rd_party_build/include conftest.c >&5
configure:13338: $? = 0
configure:13355: result: yes
configure:13370: checking for library containing opendir
configure:13411: gcc -o conftest -g -O2 -I/Users/ryan/src/rotobox/3rd_party_build/include -L/Users/ryan/src/rotobox/3rd_party_build/lib conftest.c  >&5
configure:13418: $? = 0
configure:13449: result: none required
configure:13547: checking for ANSI C header files
configure:13715: result: yes
configure:13741: checking fcntl.h usability
configure:13758: gcc -c -g -O2 -I/Users/ryan/src/rotobox/3rd_party_build/include conftest.c >&5
configure:13765: $? = 0
configure:13779: result: yes
configure:13783: checking fcntl.h presence
configure:13798: gcc -E -I/Users/ryan/src/rotobox/3rd_party_build/include conftest.c
configure:13805: $? = 0
configure:13819: result: yes
configure:13847: checking for fcntl.h
configure:13856: result: yes
configure:13876: checking for unistd.h
configure:13883: result: yes
configure:14033: checking ctype.h usability
configure:14050: gcc -c -g -O2 -I/Users/ryan/src/rotobox/3rd_party_build/include conftest.c >&5
configure:14057: $? = 0
configure:14071: result: yes
configure:14075: checking ctype.h presence
configure:14090: gcc -E -I/Users/ryan/src/rotobox/3rd_party_build/include conftest.c
configure:14097: $? = 0
configure:14111: result: yes
configure:14139: checking for ctype.h
configure:14148: result: yes
configure:14179: checking dirent.h usability
configure:14196: gcc -c -g -O2 -I/Users/ryan/src/rotobox/3rd_party_build/include conftest.c >&5
configure:14203: $? = 0
configure:14217: result: yes
configure:14221: checking dirent.h presence
configure:14236: gcc -E -I/Users/ryan/src/rotobox/3rd_party_build/include conftest.c
configure:14243: $? = 0
configure:14257: result: yes
configure:14285: checking for dirent.h
configure:14294: result: yes
configure:14325: checking errno.h usability
configure:14342: gcc -c -g -O2 -I/Users/ryan/src/rotobox/3rd_party_build/include conftest.c >&5
configure:14349: $? = 0
configure:14363: result: yes
configure:14367: checking errno.h presence
configure:14382: gcc -E -I/Users/ryan/src/rotobox/3rd_party_build/include conftest.c
configure:14389: $? = 0
configure:14403: result: yes
configure:14431: checking for errno.h
configure:14440: result: yes
configure:14471: checking malloc.h usability
configure:14488: gcc -c -g -O2 -I/Users/ryan/src/rotobox/3rd_party_build/include conftest.c >&5
conftest.c:66:10: fatal error: 'malloc.h' file not found
#include <malloc.h>
         ^
1 error generated.
configure:14495: $? = 1
configure: failed program was:
| /* confdefs.h.  */
| #define PACKAGE_NAME ""
| #define PACKAGE_TARNAME ""
| #define PACKAGE_VERSION ""
| #define PACKAGE_STRING ""
| #define PACKAGE_BUGREPORT ""
| #define PACKAGE "libxml2"
| #define VERSION "2.9.4"
| #define STDC_HEADERS 1
| #define HAVE_SYS_TYPES_H 1
| #define HAVE_SYS_STAT_H 1
| #define HAVE_STDLIB_H 1
| #define HAVE_STRING_H 1
| #define HAVE_MEMORY_H 1
| #define HAVE_STRINGS_H 1
| #define HAVE_INTTYPES_H 1
| #define HAVE_STDINT_H 1
| #define HAVE_UNISTD_H 1
| #define HAVE_DLFCN_H 1
| #define LT_OBJDIR ".libs/"
| #define HAVE_ZLIB_H 1
| #define HAVE_LIBZ 1
| #define HAVE_LZMA_H 1
| #define HAVE_LIBLZMA 1
| #define HAVE_DIRENT_H 1
| #define STDC_HEADERS 1
| #define HAVE_FCNTL_H 1
| #define HAVE_UNISTD_H 1
| #define HAVE_CTYPE_H 1
| #define HAVE_DIRENT_H 1
| #define HAVE_ERRNO_H 1
| /* end confdefs.h.  */
| #include <stdio.h>
| #ifdef HAVE_SYS_TYPES_H
| # include <sys/types.h>
| #endif
| #ifdef HAVE_SYS_STAT_H
| # include <sys/stat.h>
| #endif
| #ifdef STDC_HEADERS
| # include <stdlib.h>
| # include <stddef.h>
| #else
| # ifdef HAVE_STDLIB_H
| #  include <stdlib.h>
| # endif
| #endif
| #ifdef HAVE_STRING_H
| # if !defined STDC_HEADERS && defined HAVE_MEMORY_H
| #  include <memory.h>
| # endif
| # include <string.h>
| #endif
| #ifdef HAVE_STRINGS_H
| # include <strings.h>
| #endif
| #ifdef HAVE_INTTYPES_H
| # include <inttypes.h>
| #endif
| #ifdef HAVE_STDINT_H
| # include <stdint.h>
| #endif
| #ifdef HAVE_UNISTD_H
| # include <unistd.h>
| #endif
| #include <malloc.h>
configure:14509: result: no
configure:14513: checking malloc.h presence
configure:14528: gcc -E -I/Users/ryan/src/rotobox/3rd_party_build/include conftest.c
conftest.c:33:10: fatal error: 'malloc.h' file not found
#include <malloc.h>
         ^
1 error generated.
configure:14535: $? = 1
configure: failed program was:
| /* confdefs.h.  */
| #define PACKAGE_NAME ""
| #define PACKAGE_TARNAME ""
| #define PACKAGE_VERSION ""
| #define PACKAGE_STRING ""
| #define PACKAGE_BUGREPORT ""
| #define PACKAGE "libxml2"
| #define VERSION "2.9.4"
| #define STDC_HEADERS 1
| #define HAVE_SYS_TYPES_H 1
| #define HAVE_SYS_STAT_H 1
| #define HAVE_STDLIB_H 1
| #define HAVE_STRING_H 1
| #define HAVE_MEMORY_H 1
| #define HAVE_STRINGS_H 1
| #define HAVE_INTTYPES_H 1
| #define HAVE_STDINT_H 1
| #define HAVE_UNISTD_H 1
| #define HAVE_DLFCN_H 1
| #define LT_OBJDIR ".libs/"
| #define HAVE_ZLIB_H 1
| #define HAVE_LIBZ 1
| #define HAVE_LZMA_H 1
| #define HAVE_LIBLZMA 1
| #define HAVE_DIRENT_H 1
| #define STDC_HEADERS 1
| #define HAVE_FCNTL_H 1
| #define HAVE_UNISTD_H 1
| #define HAVE_CTYPE_H 1
| #define HAVE_DIRENT_H 1
| #define HAVE_ERRNO_H 1
| /* end confdefs.h.  */
| #include <malloc.h>
configure:14549: result: no
configure:14577: checking for malloc.h
configure:14586: result: no
configure:14617: checking stdarg.h usability
configure:14634: gcc -c -g -O2 -I/Users/ryan/src/rotobox/3rd_party_build/include conftest.c >&5
configure:14641: $? = 0
configure:14655: result: yes
configure:14659: checking stdarg.h presence
configure:14674: gcc -E -I/Users/ryan/src/rotobox/3rd_party_build/include conftest.c
configure:14681: $? = 0
configure:14695: result: yes
configure:14723: checking for stdarg.h
configure:14732: result: yes
configure:14752: checking for sys/stat.h
configure:14759: result: yes
configure:14898: checking for sys/types.h
configure:14905: result: yes
configure:15044: checking for stdint.h
configure:15051: result: yes
configure:15190: checking for inttypes.h
configure:15197: result: yes
configure:15347: checking time.h usability
configure:15364: gcc -c -g -O2 -I/Users/ryan/src/rotobox/3rd_party_build/include conftest.c >&5
configure:15371: $? = 0
configure:15385: result: yes
configure:15389: checking time.h presence
configure:15404: gcc -E -I/Users/ryan/src/rotobox/3rd_party_build/include conftest.c
configure:15411: $? = 0
configure:15425: result: yes
configure:15453: checking for time.h
configure:15462: result: yes
configure:15493: checking ansidecl.h usability
configure:15510: gcc -c -g -O2 -I/Users/ryan/src/rotobox/3rd_party_build/include conftest.c >&5
conftest.c:72:10: fatal error: 'ansidecl.h' file not found
#include <ansidecl.h>
         ^
1 error generated.
configure:15517: $? = 1
configure: failed program was:
| /* confdefs.h.  */
| #define PACKAGE_NAME ""
| #define PACKAGE_TARNAME ""
| #define PACKAGE_VERSION ""
| #define PACKAGE_STRING ""
| #define PACKAGE_BUGREPORT ""
| #define PACKAGE "libxml2"
| #define VERSION "2.9.4"
| #define STDC_HEADERS 1
| #define HAVE_SYS_TYPES_H 1
| #define HAVE_SYS_STAT_H 1
| #define HAVE_STDLIB_H 1
| #define HAVE_STRING_H 1
| #define HAVE_MEMORY_H 1
| #define HAVE_STRINGS_H 1
| #define HAVE_INTTYPES_H 1
| #define HAVE_STDINT_H 1
| #define HAVE_UNISTD_H 1
| #define HAVE_DLFCN_H 1
| #define LT_OBJDIR ".libs/"
| #define HAVE_ZLIB_H 1
| #define HAVE_LIBZ 1
| #define HAVE_LZMA_H 1
| #define HAVE_LIBLZMA 1
| #define HAVE_DIRENT_H 1
| #define STDC_HEADERS 1
| #define HAVE_FCNTL_H 1
| #define HAVE_UNISTD_H 1
| #define HAVE_CTYPE_H 1
| #define HAVE_DIRENT_H 1
| #define HAVE_ERRNO_H 1
| #define HAVE_STDARG_H 1
| #define HAVE_SYS_STAT_H 1
| #define HAVE_SYS_TYPES_H 1
| #define HAVE_STDINT_H 1
| #define HAVE_INTTYPES_H 1
| #define HAVE_TIME_H 1
| /* end confdefs.h.  */
| #include <stdio.h>
| #ifdef HAVE_SYS_TYPES_H
| # include <sys/types.h>
| #endif
| #ifdef HAVE_SYS_STAT_H
| # include <sys/stat.h>
| #endif
| #ifdef STDC_HEADERS
| # include <stdlib.h>
| # include <stddef.h>
| #else
| # ifdef HAVE_STDLIB_H
| #  include <stdlib.h>
| # endif
| #endif
| #ifdef HAVE_STRING_H
| # if !defined STDC_HEADERS && defined HAVE_MEMORY_H
| #  include <memory.h>
| # endif
| # include <string.h>
| #endif
| #ifdef HAVE_STRINGS_H
| # include <strings.h>
| #endif
| #ifdef HAVE_INTTYPES_H
| # include <inttypes.h>
| #endif
| #ifdef HAVE_STDINT_H
| # include <stdint.h>
| #endif
| #ifdef HAVE_UNISTD_H
| # include <unistd.h>
| #endif
| #include <ansidecl.h>
configure:15531: result: no
configure:15535: checking ansidecl.h presence
configure:15550: gcc -E -I/Users/ryan/src/rotobox/3rd_party_build/include conftest.c
conftest.c:39:10: fatal error: 'ansidecl.h' file not found
#include <ansidecl.h>
         ^
1 error generated.
configure:15557: $? = 1
configure: failed program was:
| /* confdefs.h.  */
| #define PACKAGE_NAME ""
| #define PACKAGE_TARNAME ""
| #define PACKAGE_VERSION ""
| #define PACKAGE_STRING ""
| #define PACKAGE_BUGREPORT ""
| #define PACKAGE "libxml2"
| #define VERSION "2.9.4"
| #define STDC_HEADERS 1
| #define HAVE_SYS_TYPES_H 1
| #define HAVE_SYS_STAT_H 1
| #define HAVE_STDLIB_H 1
| #define HAVE_STRING_H 1
| #define HAVE_MEMORY_H 1
| #define HAVE_STRINGS_H 1
| #define HAVE_INTTYPES_H 1
| #define HAVE_STDINT_H 1
| #define HAVE_UNISTD_H 1
| #define HAVE_DLFCN_H 1
| #define LT_OBJDIR ".libs/"
| #define HAVE_ZLIB_H 1
| #define HAVE_LIBZ 1
| #define HAVE_LZMA_H 1
| #define HAVE_LIBLZMA 1
| #define HAVE_DIRENT_H 1
| #define STDC_HEADERS 1
| #define HAVE_FCNTL_H 1
| #define HAVE_UNISTD_H 1
| #define HAVE_CTYPE_H 1
| #define HAVE_DIRENT_H 1
| #define HAVE_ERRNO_H 1
| #define HAVE_STDARG_H 1
| #define HAVE_SYS_STAT_H 1
| #define HAVE_SYS_TYPES_H 1
| #define HAVE_STDINT_H 1
| #define HAVE_INTTYPES_H 1
| #define HAVE_TIME_H 1
| /* end confdefs.h.  */
| #include <ansidecl.h>
configure:15571: result: no
configure:15599: checking for ansidecl.h
configure:15608: result: no
configure:15639: checking ieeefp.h usability
configure:15656: gcc -c -g -O2 -I/Users/ryan/src/rotobox/3rd_party_build/include conftest.c >&5
conftest.c:72:10: fatal error: 'ieeefp.h' file not found
#include <ieeefp.h>
         ^
1 error generated.
configure:15663: $? = 1
configure: failed program was:
| /* confdefs.h.  */
| #define PACKAGE_NAME ""
| #define PACKAGE_TARNAME ""
| #define PACKAGE_VERSION ""
| #define PACKAGE_STRING ""
| #define PACKAGE_BUGREPORT ""
| #define PACKAGE "libxml2"
| #define VERSION "2.9.4"
| #define STDC_HEADERS 1
| #define HAVE_SYS_TYPES_H 1
| #define HAVE_SYS_STAT_H 1
| #define HAVE_STDLIB_H 1
| #define HAVE_STRING_H 1
| #define HAVE_MEMORY_H 1
| #define HAVE_STRINGS_H 1
| #define HAVE_INTTYPES_H 1
| #define HAVE_STDINT_H 1
| #define HAVE_UNISTD_H 1
| #define HAVE_DLFCN_H 1
| #define LT_OBJDIR ".libs/"
| #define HAVE_ZLIB_H 1
| #define HAVE_LIBZ 1
| #define HAVE_LZMA_H 1
| #define HAVE_LIBLZMA 1
| #define HAVE_DIRENT_H 1
| #define STDC_HEADERS 1
| #define HAVE_FCNTL_H 1
| #define HAVE_UNISTD_H 1
| #define HAVE_CTYPE_H 1
| #define HAVE_DIRENT_H 1
| #define HAVE_ERRNO_H 1
| #define HAVE_STDARG_H 1
| #define HAVE_SYS_STAT_H 1
| #define HAVE_SYS_TYPES_H 1
| #define HAVE_STDINT_H 1
| #define HAVE_INTTYPES_H 1
| #define HAVE_TIME_H 1
| /* end confdefs.h.  */
| #include <stdio.h>
| #ifdef HAVE_SYS_TYPES_H
| # include <sys/types.h>
| #endif
| #ifdef HAVE_SYS_STAT_H
| # include <sys/stat.h>
| #endif
| #ifdef STDC_HEADERS
| # include <stdlib.h>
| # include <stddef.h>
| #else
| # ifdef HAVE_STDLIB_H
| #  include <stdlib.h>
| # endif
| #endif
| #ifdef HAVE_STRING_H
| # if !defined STDC_HEADERS && defined HAVE_MEMORY_H
| #  include <memory.h>
| # endif
| # include <string.h>
| #endif
| #ifdef HAVE_STRINGS_H
| # include <strings.h>
| #endif
| #ifdef HAVE_INTTYPES_H
| # include <inttypes.h>
| #endif
| #ifdef HAVE_STDINT_H
| # include <stdint.h>
| #endif
| #ifdef HAVE_UNISTD_H
| # include <unistd.h>
| #endif
| #include <ieeefp.h>
configure:15677: result: no
configure:15681: checking ieeefp.h presence
configure:15696: gcc -E -I/Users/ryan/src/rotobox/3rd_party_build/include conftest.c
conftest.c:39:10: fatal error: 'ieeefp.h' file not found
#include <ieeefp.h>
         ^
1 error generated.
configure:15703: $? = 1
configure: failed program was:
| /* confdefs.h.  */
| #define PACKAGE_NAME ""
| #define PACKAGE_TARNAME ""
| #define PACKAGE_VERSION ""
| #define PACKAGE_STRING ""
| #define PACKAGE_BUGREPORT ""
| #define PACKAGE "libxml2"
| #define VERSION "2.9.4"
| #define STDC_HEADERS 1
| #define HAVE_SYS_TYPES_H 1
| #define HAVE_SYS_STAT_H 1
| #define HAVE_STDLIB_H 1
| #define HAVE_STRING_H 1
| #define HAVE_MEMORY_H 1
| #define HAVE_STRINGS_H 1
| #define HAVE_INTTYPES_H 1
| #define HAVE_STDINT_H 1
| #define HAVE_UNISTD_H 1
| #define HAVE_DLFCN_H 1
| #define LT_OBJDIR ".libs/"
| #define HAVE_ZLIB_H 1
| #define HAVE_LIBZ 1
| #define HAVE_LZMA_H 1
| #define HAVE_LIBLZMA 1
| #define HAVE_DIRENT_H 1
| #define STDC_HEADERS 1
| #define HAVE_FCNTL_H 1
| #define HAVE_UNISTD_H 1
| #define HAVE_CTYPE_H 1
| #define HAVE_DIRENT_H 1
| #define HAVE_ERRNO_H 1
| #define HAVE_STDARG_H 1
| #define HAVE_SYS_STAT_H 1
| #define HAVE_SYS_TYPES_H 1
| #define HAVE_STDINT_H 1
| #define HAVE_INTTYPES_H 1
| #define HAVE_TIME_H 1
| /* end confdefs.h.  */
| #include <ieeefp.h>
configure:15717: result: no
configure:15745: checking for ieeefp.h
configure:15754: result: no
configure:15785: checking nan.h usability
configure:15802: gcc -c -g -O2 -I/Users/ryan/src/rotobox/3rd_party_build/include conftest.c >&5
conftest.c:72:10: fatal error: 'nan.h' file not found
#include <nan.h>
         ^
1 error generated.
configure:15809: $? = 1
configure: failed program was:
| /* confdefs.h.  */
| #define PACKAGE_NAME ""
| #define PACKAGE_TARNAME ""
| #define PACKAGE_VERSION ""
| #define PACKAGE_STRING ""
| #define PACKAGE_BUGREPORT ""
| #define PACKAGE "libxml2"
| #define VERSION "2.9.4"
| #define STDC_HEADERS 1
| #define HAVE_SYS_TYPES_H 1
| #define HAVE_SYS_STAT_H 1
| #define HAVE_STDLIB_H 1
| #define HAVE_STRING_H 1
| #define HAVE_MEMORY_H 1
| #define HAVE_STRINGS_H 1
| #define HAVE_INTTYPES_H 1
| #define HAVE_STDINT_H 1
| #define HAVE_UNISTD_H 1
| #define HAVE_DLFCN_H 1
| #define LT_OBJDIR ".libs/"
| #define HAVE_ZLIB_H 1
| #define HAVE_LIBZ 1
| #define HAVE_LZMA_H 1
| #define HAVE_LIBLZMA 1
| #define HAVE_DIRENT_H 1
| #define STDC_HEADERS 1
| #define HAVE_FCNTL_H 1
| #define HAVE_UNISTD_H 1
| #define HAVE_CTYPE_H 1
| #define HAVE_DIRENT_H 1
| #define HAVE_ERRNO_H 1
| #define HAVE_STDARG_H 1
| #define HAVE_SYS_STAT_H 1
| #define HAVE_SYS_TYPES_H 1
| #define HAVE_STDINT_H 1
| #define HAVE_INTTYPES_H 1
| #define HAVE_TIME_H 1
| /* end confdefs.h.  */
| #include <stdio.h>
| #ifdef HAVE_SYS_TYPES_H
| # include <sys/types.h>
| #endif
| #ifdef HAVE_SYS_STAT_H
| # include <sys/stat.h>
| #endif
| #ifdef STDC_HEADERS
| # include <stdlib.h>
| # include <stddef.h>
| #else
| # ifdef HAVE_STDLIB_H
| #  include <stdlib.h>
| # endif
| #endif
| #ifdef HAVE_STRING_H
| # if !defined STDC_HEADERS && defined HAVE_MEMORY_H
| #  include <memory.h>
| # endif
| # include <string.h>
| #endif
| #ifdef HAVE_STRINGS_H
| # include <strings.h>
| #endif
| #ifdef HAVE_INTTYPES_H
| # include <inttypes.h>
| #endif
| #ifdef HAVE_STDINT_H
| # include <stdint.h>
| #endif
| #ifdef HAVE_UNISTD_H
| # include <unistd.h>
| #endif
| #include <nan.h>
configure:15823: result: no
configure:15827: checking nan.h presence
configure:15842: gcc -E -I/Users/ryan/src/rotobox/3rd_party_build/include conftest.c
conftest.c:39:10: fatal error: 'nan.h' file not found
#include <nan.h>
         ^
1 error generated.
configure:15849: $? = 1
configure: failed program was:
| /* confdefs.h.  */
| #define PACKAGE_NAME ""
| #define PACKAGE_TARNAME ""
| #define PACKAGE_VERSION ""
| #define PACKAGE_STRING ""
| #define PACKAGE_BUGREPORT ""
| #define PACKAGE "libxml2"
| #define VERSION "2.9.4"
| #define STDC_HEADERS 1
| #define HAVE_SYS_TYPES_H 1
| #define HAVE_SYS_STAT_H 1
| #define HAVE_STDLIB_H 1
| #define HAVE_STRING_H 1
| #define HAVE_MEMORY_H 1
| #define HAVE_STRINGS_H 1
| #define HAVE_INTTYPES_H 1
| #define HAVE_STDINT_H 1
| #define HAVE_UNISTD_H 1
| #define HAVE_DLFCN_H 1
| #define LT_OBJDIR ".libs/"
| #define HAVE_ZLIB_H 1
| #define HAVE_LIBZ 1
| #define HAVE_LZMA_H 1
| #define HAVE_LIBLZMA 1
| #define HAVE_DIRENT_H 1
| #define STDC_HEADERS 1
| #define HAVE_FCNTL_H 1
| #define HAVE_UNISTD_H 1
| #define HAVE_CTYPE_H 1
| #define HAVE_DIRENT_H 1
| #define HAVE_ERRNO_H 1
| #define HAVE_STDARG_H 1
| #define HAVE_SYS_STAT_H 1
| #define HAVE_SYS_TYPES_H 1
| #define HAVE_STDINT_H 1
| #define HAVE_INTTYPES_H 1
| #define HAVE_TIME_H 1
| /* end confdefs.h.  */
| #include <nan.h>
configure:15863: result: no
configure:15891: checking for nan.h
configure:15900: result: no
configure:15931: checking math.h usability
configure:15948: gcc -c -g -O2 -I/Users/ryan/src/rotobox/3rd_party_build/include conftest.c >&5
configure:15955: $? = 0
configure:15969: result: yes
configure:15973: checking math.h presence
configure:15988: gcc -E -I/Users/ryan/src/rotobox/3rd_party_build/include conftest.c
configure:15995: $? = 0
configure:16009: result: yes
configure:16037: checking for math.h
configure:16046: result: yes
configure:16077: checking limits.h usability
configure:16094: gcc -c -g -O2 -I/Users/ryan/src/rotobox/3rd_party_build/include conftest.c >&5
configure:16101: $? = 0
configure:16115: result: yes
configure:16119: checking limits.h presence
configure:16134: gcc -E -I/Users/ryan/src/rotobox/3rd_party_build/include conftest.c
configure:16141: $? = 0
configure:16155: result: yes
configure:16183: checking for limits.h
configure:16192: result: yes
configure:16223: checking fp_class.h usability
configure:16240: gcc -c -g -O2 -I/Users/ryan/src/rotobox/3rd_party_build/include conftest.c >&5
conftest.c:74:10: fatal error: 'fp_class.h' file not found
#include <fp_class.h>
         ^
1 error generated.
configure:16247: $? = 1
configure: failed program was:
| /* confdefs.h.  */
| #define PACKAGE_NAME ""
| #define PACKAGE_TARNAME ""
| #define PACKAGE_VERSION ""
| #define PACKAGE_STRING ""
| #define PACKAGE_BUGREPORT ""
| #define PACKAGE "libxml2"
| #define VERSION "2.9.4"
| #define STDC_HEADERS 1
| #define HAVE_SYS_TYPES_H 1
| #define HAVE_SYS_STAT_H 1
| #define HAVE_STDLIB_H 1
| #define HAVE_STRING_H 1
| #define HAVE_MEMORY_H 1
| #define HAVE_STRINGS_H 1
| #define HAVE_INTTYPES_H 1
| #define HAVE_STDINT_H 1
| #define HAVE_UNISTD_H 1
| #define HAVE_DLFCN_H 1
| #define LT_OBJDIR ".libs/"
| #define HAVE_ZLIB_H 1
| #define HAVE_LIBZ 1
| #define HAVE_LZMA_H 1
| #define HAVE_LIBLZMA 1
| #define HAVE_DIRENT_H 1
| #define STDC_HEADERS 1
| #define HAVE_FCNTL_H 1
| #define HAVE_UNISTD_H 1
| #define HAVE_CTYPE_H 1
| #define HAVE_DIRENT_H 1
| #define HAVE_ERRNO_H 1
| #define HAVE_STDARG_H 1
| #define HAVE_SYS_STAT_H 1
| #define HAVE_SYS_TYPES_H 1
| #define HAVE_STDINT_H 1
| #define HAVE_INTTYPES_H 1
| #define HAVE_TIME_H 1
| #define HAVE_MATH_H 1
| #define HAVE_LIMITS_H 1
| /* end confdefs.h.  */
| #include <stdio.h>
| #ifdef HAVE_SYS_TYPES_H
| # include <sys/types.h>
| #endif
| #ifdef HAVE_SYS_STAT_H
| # include <sys/stat.h>
| #endif
| #ifdef STDC_HEADERS
| # include <stdlib.h>
| # include <stddef.h>
| #else
| # ifdef HAVE_STDLIB_H
| #  include <stdlib.h>
| # endif
| #endif
| #ifdef HAVE_STRING_H
| # if !defined STDC_HEADERS && defined HAVE_MEMORY_H
| #  include <memory.h>
| # endif
| # include <string.h>
| #endif
| #ifdef HAVE_STRINGS_H
| # include <strings.h>
| #endif
| #ifdef HAVE_INTTYPES_H
| # include <inttypes.h>
| #endif
| #ifdef HAVE_STDINT_H
| # include <stdint.h>
| #endif
| #ifdef HAVE_UNISTD_H
| # include <unistd.h>
| #endif
| #include <fp_class.h>
configure:16261: result: no
configure:16265: checking fp_class.h presence
configure:16280: gcc -E -I/Users/ryan/src/rotobox/3rd_party_build/include conftest.c
conftest.c:41:10: fatal error: 'fp_class.h' file not found
#include <fp_class.h>
         ^
1 error generated.
configure:16287: $? = 1
configure: failed program was:
| /* confdefs.h.  */
| #define PACKAGE_NAME ""
| #define PACKAGE_TARNAME ""
| #define PACKAGE_VERSION ""
| #define PACKAGE_STRING ""
| #define PACKAGE_BUGREPORT ""
| #define PACKAGE "libxml2"
| #define VERSION "2.9.4"
| #define STDC_HEADERS 1
| #define HAVE_SYS_TYPES_H 1
| #define HAVE_SYS_STAT_H 1
| #define HAVE_STDLIB_H 1
| #define HAVE_STRING_H 1
| #define HAVE_MEMORY_H 1
| #define HAVE_STRINGS_H 1
| #define HAVE_INTTYPES_H 1
| #define HAVE_STDINT_H 1
| #define HAVE_UNISTD_H 1
| #define HAVE_DLFCN_H 1
| #define LT_OBJDIR ".libs/"
| #define HAVE_ZLIB_H 1
| #define HAVE_LIBZ 1
| #define HAVE_LZMA_H 1
| #define HAVE_LIBLZMA 1
| #define HAVE_DIRENT_H 1
| #define STDC_HEADERS 1
| #define HAVE_FCNTL_H 1
| #define HAVE_UNISTD_H 1
| #define HAVE_CTYPE_H 1
| #define HAVE_DIRENT_H 1
| #define HAVE_ERRNO_H 1
| #define HAVE_STDARG_H 1
| #define HAVE_SYS_STAT_H 1
| #define HAVE_SYS_TYPES_H 1
| #define HAVE_STDINT_H 1
| #define HAVE_INTTYPES_H 1
| #define HAVE_TIME_H 1
| #define HAVE_MATH_H 1
| #define HAVE_LIMITS_H 1
| /* end confdefs.h.  */
| #include <fp_class.h>
configure:16301: result: no
configure:16329: checking for fp_class.h
configure:16338: result: no
configure:16369: checking float.h usability
configure:16386: gcc -c -g -O2 -I/Users/ryan/src/rotobox/3rd_party_build/include conftest.c >&5
configure:16393: $? = 0
configure:16407: result: yes
configure:16411: checking float.h presence
configure:16426: gcc -E -I/Users/ryan/src/rotobox/3rd_party_build/include conftest.c
configure:16433: $? = 0
configure:16447: result: yes
configure:16475: checking for float.h
configure:16484: result: yes
configure:16504: checking for stdlib.h
configure:16511: result: yes
configure:16649: checking for sys/socket.h
configure:16673: gcc -c -g -O2 -I/Users/ryan/src/rotobox/3rd_party_build/include conftest.c >&5
configure:16680: $? = 0
configure:16697: result: yes
configure:16714: checking for netinet/in.h
configure:16738: gcc -c -g -O2 -I/Users/ryan/src/rotobox/3rd_party_build/include conftest.c >&5
configure:16745: $? = 0
configure:16762: result: yes
configure:16779: checking for arpa/inet.h
configure:16806: gcc -c -g -O2 -I/Users/ryan/src/rotobox/3rd_party_build/include conftest.c >&5
configure:16813: $? = 0
configure:16830: result: yes
configure:16859: checking netdb.h usability
configure:16876: gcc -c -g -O2 -I/Users/ryan/src/rotobox/3rd_party_build/include conftest.c >&5
configure:16883: $? = 0
configure:16897: result: yes
configure:16901: checking netdb.h presence
configure:16916: gcc -E -I/Users/ryan/src/rotobox/3rd_party_build/include conftest.c
configure:16923: $? = 0
configure:16937: result: yes
configure:16965: checking for netdb.h
configure:16974: result: yes
configure:17005: checking sys/time.h usability
configure:17022: gcc -c -g -O2 -I/Users/ryan/src/rotobox/3rd_party_build/include conftest.c >&5
configure:17029: $? = 0
configure:17043: result: yes
configure:17047: checking sys/time.h presence
configure:17062: gcc -E -I/Users/ryan/src/rotobox/3rd_party_build/include conftest.c
configure:17069: $? = 0
configure:17083: result: yes
configure:17111: checking for sys/time.h
configure:17120: result: yes
configure:17151: checking sys/select.h usability
configure:17168: gcc -c -g -O2 -I/Users/ryan/src/rotobox/3rd_party_build/include conftest.c >&5
configure:17175: $? = 0
configure:17189: result: yes
configure:17193: checking sys/select.h presence
configure:17208: gcc -E -I/Users/ryan/src/rotobox/3rd_party_build/include conftest.c
configure:17215: $? = 0
configure:17229: result: yes
configure:17257: checking for sys/select.h
configure:17266: result: yes
configure:17297: checking poll.h usability
configure:17314: gcc -c -g -O2 -I/Users/ryan/src/rotobox/3rd_party_build/include conftest.c >&5
configure:17321: $? = 0
configure:17335: result: yes
configure:17339: checking poll.h presence
configure:17354: gcc -E -I/Users/ryan/src/rotobox/3rd_party_build/include conftest.c
configure:17361: $? = 0
configure:17375: result: yes
configure:17403: checking for poll.h
configure:17412: result: yes
configure:17443: checking sys/mman.h usability
configure:17460: gcc -c -g -O2 -I/Users/ryan/src/rotobox/3rd_party_build/include conftest.c >&5
configure:17467: $? = 0
configure:17481: result: yes
configure:17485: checking sys/mman.h presence
configure:17500: gcc -E -I/Users/ryan/src/rotobox/3rd_party_build/include conftest.c
configure:17507: $? = 0
configure:17521: result: yes
configure:17549: checking for sys/mman.h
configure:17558: result: yes
configure:17589: checking sys/timeb.h usability
configure:17606: gcc -c -g -O2 -I/Users/ryan/src/rotobox/3rd_party_build/include conftest.c >&5
configure:17613: $? = 0
configure:17627: result: yes
configure:17631: checking sys/timeb.h presence
configure:17646: gcc -E -I/Users/ryan/src/rotobox/3rd_party_build/include conftest.c
configure:17653: $? = 0
configure:17667: result: yes
configure:17695: checking for sys/timeb.h
configure:17704: result: yes
configure:17735: checking signal.h usability
configure:17752: gcc -c -g -O2 -I/Users/ryan/src/rotobox/3rd_party_build/include conftest.c >&5
configure:17759: $? = 0
configure:17773: result: yes
configure:17777: checking signal.h presence
configure:17792: gcc -E -I/Users/ryan/src/rotobox/3rd_party_build/include conftest.c
configure:17799: $? = 0
configure:17813: result: yes
configure:17841: checking for signal.h
configure:17850: result: yes
configure:17869: checking for arpa/nameser.h
configure:17893: gcc -c -g -O2 -I/Users/ryan/src/rotobox/3rd_party_build/include conftest.c >&5
configure:17900: $? = 0
configure:17917: result: yes
configure:17934: checking for resolv.h
configure:17964: gcc -c -g -O2 -I/Users/ryan/src/rotobox/3rd_party_build/include conftest.c >&5
configure:17971: $? = 0
configure:17988: result: yes
configure:18017: checking dl.h usability
configure:18034: gcc -c -g -O2 -I/Users/ryan/src/rotobox/3rd_party_build/include conftest.c >&5
conftest.c:88:10: fatal error: 'dl.h' file not found
#include <dl.h>
         ^
1 error generated.
configure:18041: $? = 1
configure: failed program was:
| /* confdefs.h.  */
| #define PACKAGE_NAME ""
| #define PACKAGE_TARNAME ""
| #define PACKAGE_VERSION ""
| #define PACKAGE_STRING ""
| #define PACKAGE_BUGREPORT ""
| #define PACKAGE "libxml2"
| #define VERSION "2.9.4"
| #define STDC_HEADERS 1
| #define HAVE_SYS_TYPES_H 1
| #define HAVE_SYS_STAT_H 1
| #define HAVE_STDLIB_H 1
| #define HAVE_STRING_H 1
| #define HAVE_MEMORY_H 1
| #define HAVE_STRINGS_H 1
| #define HAVE_INTTYPES_H 1
| #define HAVE_STDINT_H 1
| #define HAVE_UNISTD_H 1
| #define HAVE_DLFCN_H 1
| #define LT_OBJDIR ".libs/"
| #define HAVE_ZLIB_H 1
| #define HAVE_LIBZ 1
| #define HAVE_LZMA_H 1
| #define HAVE_LIBLZMA 1
| #define HAVE_DIRENT_H 1
| #define STDC_HEADERS 1
| #define HAVE_FCNTL_H 1
| #define HAVE_UNISTD_H 1
| #define HAVE_CTYPE_H 1
| #define HAVE_DIRENT_H 1
| #define HAVE_ERRNO_H 1
| #define HAVE_STDARG_H 1
| #define HAVE_SYS_STAT_H 1
| #define HAVE_SYS_TYPES_H 1
| #define HAVE_STDINT_H 1
| #define HAVE_INTTYPES_H 1
| #define HAVE_TIME_H 1
| #define HAVE_MATH_H 1
| #define HAVE_LIMITS_H 1
| #define HAVE_FLOAT_H 1
| #define HAVE_STDLIB_H 1
| #define HAVE_SYS_SOCKET_H 1
| #define HAVE_NETINET_IN_H 1
| #define HAVE_ARPA_INET_H 1
| #define HAVE_NETDB_H 1
| #define HAVE_SYS_TIME_H 1
| #define HAVE_SYS_SELECT_H 1
| #define HAVE_POLL_H 1
| #define HAVE_SYS_MMAN_H 1
| #define HAVE_SYS_TIMEB_H 1
| #define HAVE_SIGNAL_H 1
| #define HAVE_ARPA_NAMESER_H 1
| #define HAVE_RESOLV_H 1
| /* end confdefs.h.  */
| #include <stdio.h>
| #ifdef HAVE_SYS_TYPES_H
| # include <sys/types.h>
| #endif
| #ifdef HAVE_SYS_STAT_H
| # include <sys/stat.h>
| #endif
| #ifdef STDC_HEADERS
| # include <stdlib.h>
| # include <stddef.h>
| #else
| # ifdef HAVE_STDLIB_H
| #  include <stdlib.h>
| # endif
| #endif
| #ifdef HAVE_STRING_H
| # if !defined STDC_HEADERS && defined HAVE_MEMORY_H
| #  include <memory.h>
| # endif
| # include <string.h>
| #endif
| #ifdef HAVE_STRINGS_H
| # include <strings.h>
| #endif
| #ifdef HAVE_INTTYPES_H
| # include <inttypes.h>
| #endif
| #ifdef HAVE_STDINT_H
| # include <stdint.h>
| #endif
| #ifdef HAVE_UNISTD_H
| # include <unistd.h>
| #endif
| #include <dl.h>
configure:18055: result: no
configure:18059: checking dl.h presence
configure:18074: gcc -E -I/Users/ryan/src/rotobox/3rd_party_build/include conftest.c
conftest.c:55:10: fatal error: 'dl.h' file not found
#include <dl.h>
         ^
1 error generated.
configure:18081: $? = 1
configure: failed program was:
| /* confdefs.h.  */
| #define PACKAGE_NAME ""
| #define PACKAGE_TARNAME ""
| #define PACKAGE_VERSION ""
| #define PACKAGE_STRING ""
| #define PACKAGE_BUGREPORT ""
| #define PACKAGE "libxml2"
| #define VERSION "2.9.4"
| #define STDC_HEADERS 1
| #define HAVE_SYS_TYPES_H 1
| #define HAVE_SYS_STAT_H 1
| #define HAVE_STDLIB_H 1
| #define HAVE_STRING_H 1
| #define HAVE_MEMORY_H 1
| #define HAVE_STRINGS_H 1
| #define HAVE_INTTYPES_H 1
| #define HAVE_STDINT_H 1
| #define HAVE_UNISTD_H 1
| #define HAVE_DLFCN_H 1
| #define LT_OBJDIR ".libs/"
| #define HAVE_ZLIB_H 1
| #define HAVE_LIBZ 1
| #define HAVE_LZMA_H 1
| #define HAVE_LIBLZMA 1
| #define HAVE_DIRENT_H 1
| #define STDC_HEADERS 1
| #define HAVE_FCNTL_H 1
| #define HAVE_UNISTD_H 1
| #define HAVE_CTYPE_H 1
| #define HAVE_DIRENT_H 1
| #define HAVE_ERRNO_H 1
| #define HAVE_STDARG_H 1
| #define HAVE_SYS_STAT_H 1
| #define HAVE_SYS_TYPES_H 1
| #define HAVE_STDINT_H 1
| #define HAVE_INTTYPES_H 1
| #define HAVE_TIME_H 1
| #define HAVE_MATH_H 1
| #define HAVE_LIMITS_H 1
| #define HAVE_FLOAT_H 1
| #define HAVE_STDLIB_H 1
| #define HAVE_SYS_SOCKET_H 1
| #define HAVE_NETINET_IN_H 1
| #define HAVE_ARPA_INET_H 1
| #define HAVE_NETDB_H 1
| #define HAVE_SYS_TIME_H 1
| #define HAVE_SYS_SELECT_H 1
| #define HAVE_POLL_H 1
| #define HAVE_SYS_MMAN_H 1
| #define HAVE_SYS_TIMEB_H 1
| #define HAVE_SIGNAL_H 1
| #define HAVE_ARPA_NAMESER_H 1
| #define HAVE_RESOLV_H 1
| /* end confdefs.h.  */
| #include <dl.h>
configure:18095: result: no
configure:18123: checking for dl.h
configure:18132: result: no
configure:18152: checking for dlfcn.h
configure:18159: result: yes
configure:18298: checking for uint32_t
configure:18329: gcc -c -g -O2 -I/Users/ryan/src/rotobox/3rd_party_build/include conftest.c >&5
configure:18336: $? = 0
configure:18357: result: yes
configure:18382: checking for strftime
configure:18438: gcc -o conftest -g -O2 -I/Users/ryan/src/rotobox/3rd_party_build/include -L/Users/ryan/src/rotobox/3rd_party_build/lib conftest.c  >&5
configure:18445: $? = 0
configure:18467: result: yes
configure:18560: checking for strdup
configure:18616: gcc -o conftest -g -O2 -I/Users/ryan/src/rotobox/3rd_party_build/include -L/Users/ryan/src/rotobox/3rd_party_build/lib conftest.c  >&5
conftest.c:80:6: warning: incompatible redeclaration of library function 'strdup' [-Wincompatible-library-redeclaration]
char strdup ();
     ^
conftest.c:80:6: note: 'strdup' is a builtin with type 'char *(const char *)'
1 warning generated.
configure:18623: $? = 0
configure:18645: result: yes
configure:18560: checking for strndup
configure:18616: gcc -o conftest -g -O2 -I/Users/ryan/src/rotobox/3rd_party_build/include -L/Users/ryan/src/rotobox/3rd_party_build/lib conftest.c  >&5
conftest.c:81:6: warning: incompatible redeclaration of library function 'strndup' [-Wincompatible-library-redeclaration]
char strndup ();
     ^
conftest.c:81:6: note: 'strndup' is a builtin with type 'char *(const char *, unsigned long)'
1 warning generated.
configure:18623: $? = 0
configure:18645: result: yes
configure:18560: checking for strerror
configure:18616: gcc -o conftest -g -O2 -I/Users/ryan/src/rotobox/3rd_party_build/include -L/Users/ryan/src/rotobox/3rd_party_build/lib conftest.c  >&5
conftest.c:82:6: warning: incompatible redeclaration of library function 'strerror' [-Wincompatible-library-redeclaration]
char strerror ();
     ^
conftest.c:82:6: note: 'strerror' is a builtin with type 'char *(int)'
1 warning generated.
configure:18623: $? = 0
configure:18645: result: yes
configure:18665: checking for finite
configure:18721: gcc -o conftest -g -O2 -I/Users/ryan/src/rotobox/3rd_party_build/include -L/Users/ryan/src/rotobox/3rd_party_build/lib conftest.c  >&5
configure:18728: $? = 0
configure:18750: result: yes
configure:18665: checking for isnand
configure:18721: gcc -o conftest -g -O2 -I/Users/ryan/src/rotobox/3rd_party_build/include -L/Users/ryan/src/rotobox/3rd_party_build/lib conftest.c  >&5
Undefined symbols for architecture x86_64:
  "_isnand", referenced from:
      _main in conftest-270d22.o
ld: symbol(s) not found for architecture x86_64
clang: error: linker command failed with exit code 1 (use -v to see invocation)
configure:18728: $? = 1
configure: failed program was:
| /* confdefs.h.  */
| #define PACKAGE_NAME ""
| #define PACKAGE_TARNAME ""
| #define PACKAGE_VERSION ""
| #define PACKAGE_STRING ""
| #define PACKAGE_BUGREPORT ""
| #define PACKAGE "libxml2"
| #define VERSION "2.9.4"
| #define STDC_HEADERS 1
| #define HAVE_SYS_TYPES_H 1
| #define HAVE_SYS_STAT_H 1
| #define HAVE_STDLIB_H 1
| #define HAVE_STRING_H 1
| #define HAVE_MEMORY_H 1
| #define HAVE_STRINGS_H 1
| #define HAVE_INTTYPES_H 1
| #define HAVE_STDINT_H 1
| #define HAVE_UNISTD_H 1
| #define HAVE_DLFCN_H 1
| #define LT_OBJDIR ".libs/"
| #define HAVE_ZLIB_H 1
| #define HAVE_LIBZ 1
| #define HAVE_LZMA_H 1
| #define HAVE_LIBLZMA 1
| #define HAVE_DIRENT_H 1
| #define STDC_HEADERS 1
| #define HAVE_FCNTL_H 1
| #define HAVE_UNISTD_H 1
| #define HAVE_CTYPE_H 1
| #define HAVE_DIRENT_H 1
| #define HAVE_ERRNO_H 1
| #define HAVE_STDARG_H 1
| #define HAVE_SYS_STAT_H 1
| #define HAVE_SYS_TYPES_H 1
| #define HAVE_STDINT_H 1
| #define HAVE_INTTYPES_H 1
| #define HAVE_TIME_H 1
| #define HAVE_MATH_H 1
| #define HAVE_LIMITS_H 1
| #define HAVE_FLOAT_H 1
| #define HAVE_STDLIB_H 1
| #define HAVE_SYS_SOCKET_H 1
| #define HAVE_NETINET_IN_H 1
| #define HAVE_ARPA_INET_H 1
| #define HAVE_NETDB_H 1
| #define HAVE_SYS_TIME_H 1
| #define HAVE_SYS_SELECT_H 1
| #define HAVE_POLL_H 1
| #define HAVE_SYS_MMAN_H 1
| #define HAVE_SYS_TIMEB_H 1
| #define HAVE_SIGNAL_H 1
| #define HAVE_ARPA_NAMESER_H 1
| #define HAVE_RESOLV_H 1
| #define HAVE_DLFCN_H 1
| #define HAVE_STRFTIME 1
| #define HAVE_STRDUP 1
| #define HAVE_STRNDUP 1
| #define HAVE_STRERROR 1
| #define HAVE_FINITE 1
| /* end confdefs.h.  */
| /* Define isnand to an innocuous variant, in case <limits.h> declares isnand.
|    For example, HP-UX 11i <limits.h> declares gettimeofday.  */
| #define isnand innocuous_isnand
| 
| /* System header to define __stub macros and hopefully few prototypes,
|     which can conflict with char isnand (); below.
|     Prefer <limits.h> to <assert.h> if __STDC__ is defined, since
|     <limits.h> exists even on freestanding compilers.  */
| 
| #ifdef __STDC__
| # include <limits.h>
| #else
| # include <assert.h>
| #endif
| 
| #undef isnand
| 
| /* Override any GCC internal prototype to avoid an error.
|    Use char because int might match the return type of a GCC
|    builtin and then its argument prototype would still apply.  */
| #ifdef __cplusplus
| extern "C"
| #endif
| char isnand ();
| /* The GNU C library defines this for functions which it implements
|     to always fail with ENOSYS.  Some functions are actually named
|     something starting with __ and the normal name is an alias.  */
| #if defined __stub_isnand || defined __stub___isnand
| choke me
| #endif
| 
| int
| main ()
| {
| return isnand ();
|   ;
|   return 0;
| }
configure:18750: result: no
configure:18665: checking for fp_class
configure:18721: gcc -o conftest -g -O2 -I/Users/ryan/src/rotobox/3rd_party_build/include -L/Users/ryan/src/rotobox/3rd_party_build/lib conftest.c  >&5
Undefined symbols for architecture x86_64:
  "_fp_class", referenced from:
      _main in conftest-0b6e2a.o
ld: symbol(s) not found for architecture x86_64
clang: error: linker command failed with exit code 1 (use -v to see invocation)
configure:18728: $? = 1
configure: failed program was:
| /* confdefs.h.  */
| #define PACKAGE_NAME ""
| #define PACKAGE_TARNAME ""
| #define PACKAGE_VERSION ""
| #define PACKAGE_STRING ""
| #define PACKAGE_BUGREPORT ""
| #define PACKAGE "libxml2"
| #define VERSION "2.9.4"
| #define STDC_HEADERS 1
| #define HAVE_SYS_TYPES_H 1
| #define HAVE_SYS_STAT_H 1
| #define HAVE_STDLIB_H 1
| #define HAVE_STRING_H 1
| #define HAVE_MEMORY_H 1
| #define HAVE_STRINGS_H 1
| #define HAVE_INTTYPES_H 1
| #define HAVE_STDINT_H 1
| #define HAVE_UNISTD_H 1
| #define HAVE_DLFCN_H 1
| #define LT_OBJDIR ".libs/"
| #define HAVE_ZLIB_H 1
| #define HAVE_LIBZ 1
| #define HAVE_LZMA_H 1
| #define HAVE_LIBLZMA 1
| #define HAVE_DIRENT_H 1
| #define STDC_HEADERS 1
| #define HAVE_FCNTL_H 1
| #define HAVE_UNISTD_H 1
| #define HAVE_CTYPE_H 1
| #define HAVE_DIRENT_H 1
| #define HAVE_ERRNO_H 1
| #define HAVE_STDARG_H 1
| #define HAVE_SYS_STAT_H 1
| #define HAVE_SYS_TYPES_H 1
| #define HAVE_STDINT_H 1
| #define HAVE_INTTYPES_H 1
| #define HAVE_TIME_H 1
| #define HAVE_MATH_H 1
| #define HAVE_LIMITS_H 1
| #define HAVE_FLOAT_H 1
| #define HAVE_STDLIB_H 1
| #define HAVE_SYS_SOCKET_H 1
| #define HAVE_NETINET_IN_H 1
| #define HAVE_ARPA_INET_H 1
| #define HAVE_NETDB_H 1
| #define HAVE_SYS_TIME_H 1
| #define HAVE_SYS_SELECT_H 1
| #define HAVE_POLL_H 1
| #define HAVE_SYS_MMAN_H 1
| #define HAVE_SYS_TIMEB_H 1
| #define HAVE_SIGNAL_H 1
| #define HAVE_ARPA_NAMESER_H 1
| #define HAVE_RESOLV_H 1
| #define HAVE_DLFCN_H 1
| #define HAVE_STRFTIME 1
| #define HAVE_STRDUP 1
| #define HAVE_STRNDUP 1
| #define HAVE_STRERROR 1
| #define HAVE_FINITE 1
| /* end confdefs.h.  */
| /* Define fp_class to an innocuous variant, in case <limits.h> declares fp_class.
|    For example, HP-UX 11i <limits.h> declares gettimeofday.  */
| #define fp_class innocuous_fp_class
| 
| /* System header to define __stub macros and hopefully few prototypes,
|     which can conflict with char fp_class (); below.
|     Prefer <limits.h> to <assert.h> if __STDC__ is defined, since
|     <limits.h> exists even on freestanding compilers.  */
| 
| #ifdef __STDC__
| # include <limits.h>
| #else
| # include <assert.h>
| #endif
| 
| #undef fp_class
| 
| /* Override any GCC internal prototype to avoid an error.
|    Use char because int might match the return type of a GCC
|    builtin and then its argument prototype would still apply.  */
| #ifdef __cplusplus
| extern "C"
| #endif
| char fp_class ();
| /* The GNU C library defines this for functions which it implements
|     to always fail with ENOSYS.  Some functions are actually named
|     something starting with __ and the normal name is an alias.  */
| #if defined __stub_fp_class || defined __stub___fp_class
| choke me
| #endif
| 
| int
| main ()
| {
| return fp_class ();
|   ;
|   return 0;
| }
configure:18750: result: no
configure:18665: checking for class
configure:18721: gcc -o conftest -g -O2 -I/Users/ryan/src/rotobox/3rd_party_build/include -L/Users/ryan/src/rotobox/3rd_party_build/lib conftest.c  >&5
Undefined symbols for architecture x86_64:
  "_class", referenced from:
      _main in conftest-d8c226.o
ld: symbol(s) not found for architecture x86_64
clang: error: linker command failed with exit code 1 (use -v to see invocation)
configure:18728: $? = 1
configure: failed program was:
| /* confdefs.h.  */
| #define PACKAGE_NAME ""
| #define PACKAGE_TARNAME ""
| #define PACKAGE_VERSION ""
| #define PACKAGE_STRING ""
| #define PACKAGE_BUGREPORT ""
| #define PACKAGE "libxml2"
| #define VERSION "2.9.4"
| #define STDC_HEADERS 1
| #define HAVE_SYS_TYPES_H 1
| #define HAVE_SYS_STAT_H 1
| #define HAVE_STDLIB_H 1
| #define HAVE_STRING_H 1
| #define HAVE_MEMORY_H 1
| #define HAVE_STRINGS_H 1
| #define HAVE_INTTYPES_H 1
| #define HAVE_STDINT_H 1
| #define HAVE_UNISTD_H 1
| #define HAVE_DLFCN_H 1
| #define LT_OBJDIR ".libs/"
| #define HAVE_ZLIB_H 1
| #define HAVE_LIBZ 1
| #define HAVE_LZMA_H 1
| #define HAVE_LIBLZMA 1
| #define HAVE_DIRENT_H 1
| #define STDC_HEADERS 1
| #define HAVE_FCNTL_H 1
| #define HAVE_UNISTD_H 1
| #define HAVE_CTYPE_H 1
| #define HAVE_DIRENT_H 1
| #define HAVE_ERRNO_H 1
| #define HAVE_STDARG_H 1
| #define HAVE_SYS_STAT_H 1
| #define HAVE_SYS_TYPES_H 1
| #define HAVE_STDINT_H 1
| #define HAVE_INTTYPES_H 1
| #define HAVE_TIME_H 1
| #define HAVE_MATH_H 1
| #define HAVE_LIMITS_H 1
| #define HAVE_FLOAT_H 1
| #define HAVE_STDLIB_H 1
| #define HAVE_SYS_SOCKET_H 1
| #define HAVE_NETINET_IN_H 1
| #define HAVE_ARPA_INET_H 1
| #define HAVE_NETDB_H 1
| #define HAVE_SYS_TIME_H 1
| #define HAVE_SYS_SELECT_H 1
| #define HAVE_POLL_H 1
| #define HAVE_SYS_MMAN_H 1
| #define HAVE_SYS_TIMEB_H 1
| #define HAVE_SIGNAL_H 1
| #define HAVE_ARPA_NAMESER_H 1
| #define HAVE_RESOLV_H 1
| #define HAVE_DLFCN_H 1
| #define HAVE_STRFTIME 1
| #define HAVE_STRDUP 1
| #define HAVE_STRNDUP 1
| #define HAVE_STRERROR 1
| #define HAVE_FINITE 1
| /* end confdefs.h.  */
| /* Define class to an innocuous variant, in case <limits.h> declares class.
|    For example, HP-UX 11i <limits.h> declares gettimeofday.  */
| #define class innocuous_class
| 
| /* System header to define __stub macros and hopefully few prototypes,
|     which can conflict with char class (); below.
|     Prefer <limits.h> to <assert.h> if __STDC__ is defined, since
|     <limits.h> exists even on freestanding compilers.  */
| 
| #ifdef __STDC__
| # include <limits.h>
| #else
| # include <assert.h>
| #endif
| 
| #undef class
| 
| /* Override any GCC internal prototype to avoid an error.
|    Use char because int might match the return type of a GCC
|    builtin and then its argument prototype would still apply.  */
| #ifdef __cplusplus
| extern "C"
| #endif
| char class ();
| /* The GNU C library defines this for functions which it implements
|     to always fail with ENOSYS.  Some functions are actually named
|     something starting with __ and the normal name is an alias.  */
| #if defined __stub_class || defined __stub___class
| choke me
| #endif
| 
| int
| main ()
| {
| return class ();
|   ;
|   return 0;
| }
configure:18750: result: no
configure:18665: checking for fpclass
configure:18721: gcc -o conftest -g -O2 -I/Users/ryan/src/rotobox/3rd_party_build/include -L/Users/ryan/src/rotobox/3rd_party_build/lib conftest.c  >&5
Undefined symbols for architecture x86_64:
  "_fpclass", referenced from:
      _main in conftest-6dd979.o
ld: symbol(s) not found for architecture x86_64
clang: error: linker command failed with exit code 1 (use -v to see invocation)
configure:18728: $? = 1
configure: failed program was:
| /* confdefs.h.  */
| #define PACKAGE_NAME ""
| #define PACKAGE_TARNAME ""
| #define PACKAGE_VERSION ""
| #define PACKAGE_STRING ""
| #define PACKAGE_BUGREPORT ""
| #define PACKAGE "libxml2"
| #define VERSION "2.9.4"
| #define STDC_HEADERS 1
| #define HAVE_SYS_TYPES_H 1
| #define HAVE_SYS_STAT_H 1
| #define HAVE_STDLIB_H 1
| #define HAVE_STRING_H 1
| #define HAVE_MEMORY_H 1
| #define HAVE_STRINGS_H 1
| #define HAVE_INTTYPES_H 1
| #define HAVE_STDINT_H 1
| #define HAVE_UNISTD_H 1
| #define HAVE_DLFCN_H 1
| #define LT_OBJDIR ".libs/"
| #define HAVE_ZLIB_H 1
| #define HAVE_LIBZ 1
| #define HAVE_LZMA_H 1
| #define HAVE_LIBLZMA 1
| #define HAVE_DIRENT_H 1
| #define STDC_HEADERS 1
| #define HAVE_FCNTL_H 1
| #define HAVE_UNISTD_H 1
| #define HAVE_CTYPE_H 1
| #define HAVE_DIRENT_H 1
| #define HAVE_ERRNO_H 1
| #define HAVE_STDARG_H 1
| #define HAVE_SYS_STAT_H 1
| #define HAVE_SYS_TYPES_H 1
| #define HAVE_STDINT_H 1
| #define HAVE_INTTYPES_H 1
| #define HAVE_TIME_H 1
| #define HAVE_MATH_H 1
| #define HAVE_LIMITS_H 1
| #define HAVE_FLOAT_H 1
| #define HAVE_STDLIB_H 1
| #define HAVE_SYS_SOCKET_H 1
| #define HAVE_NETINET_IN_H 1
| #define HAVE_ARPA_INET_H 1
| #define HAVE_NETDB_H 1
| #define HAVE_SYS_TIME_H 1
| #define HAVE_SYS_SELECT_H 1
| #define HAVE_POLL_H 1
| #define HAVE_SYS_MMAN_H 1
| #define HAVE_SYS_TIMEB_H 1
| #define HAVE_SIGNAL_H 1
| #define HAVE_ARPA_NAMESER_H 1
| #define HAVE_RESOLV_H 1
| #define HAVE_DLFCN_H 1
| #define HAVE_STRFTIME 1
| #define HAVE_STRDUP 1
| #define HAVE_STRNDUP 1
| #define HAVE_STRERROR 1
| #define HAVE_FINITE 1
| /* end confdefs.h.  */
| /* Define fpclass to an innocuous variant, in case <limits.h> declares fpclass.
|    For example, HP-UX 11i <limits.h> declares gettimeofday.  */
| #define fpclass innocuous_fpclass
| 
| /* System header to define __stub macros and hopefully few prototypes,
|     which can conflict with char fpclass (); below.
|     Prefer <limits.h> to <assert.h> if __STDC__ is defined, since
|     <limits.h> exists even on freestanding compilers.  */
| 
| #ifdef __STDC__
| # include <limits.h>
| #else
| # include <assert.h>
| #endif
| 
| #undef fpclass
| 
| /* Override any GCC internal prototype to avoid an error.
|    Use char because int might match the return type of a GCC
|    builtin and then its argument prototype would still apply.  */
| #ifdef __cplusplus
| extern "C"
| #endif
| char fpclass ();
| /* The GNU C library defines this for functions which it implements
|     to always fail with ENOSYS.  Some functions are actually named
|     something starting with __ and the normal name is an alias.  */
| #if defined __stub_fpclass || defined __stub___fpclass
| choke me
| #endif
| 
| int
| main ()
| {
| return fpclass ();
|   ;
|   return 0;
| }
configure:18750: result: no
configure:18769: checking for strftime
configure:18854: result: yes
configure:18769: checking for localtime
configure:18825: gcc -o conftest -g -O2 -I/Users/ryan/src/rotobox/3rd_party_build/include -L/Users/ryan/src/rotobox/3rd_party_build/lib conftest.c  >&5
configure:18832: $? = 0
configure:18854: result: yes
configure:18769: checking for gettimeofday
configure:18825: gcc -o conftest -g -O2 -I/Users/ryan/src/rotobox/3rd_party_build/include -L/Users/ryan/src/rotobox/3rd_party_build/lib conftest.c  >&5
configure:18832: $? = 0
configure:18854: result: yes
configure:18769: checking for ftime
configure:18825: gcc -o conftest -g -O2 -I/Users/ryan/src/rotobox/3rd_party_build/include -L/Users/ryan/src/rotobox/3rd_party_build/lib conftest.c  >&5
configure:18832: $? = 0
configure:18854: result: yes
configure:18872: checking for stat
configure:18928: gcc -o conftest -g -O2 -I/Users/ryan/src/rotobox/3rd_party_build/include -L/Users/ryan/src/rotobox/3rd_party_build/lib conftest.c  >&5
configure:18935: $? = 0
configure:18957: result: yes
configure:18872: checking for _stat
configure:18928: gcc -o conftest -g -O2 -I/Users/ryan/src/rotobox/3rd_party_build/include -L/Users/ryan/src/rotobox/3rd_party_build/lib conftest.c  >&5
Undefined symbols for architecture x86_64:
  "__stat", referenced from:
      _main in conftest-9eb827.o
ld: symbol(s) not found for architecture x86_64
clang: error: linker command failed with exit code 1 (use -v to see invocation)
configure:18935: $? = 1
configure: failed program was:
| /* confdefs.h.  */
| #define PACKAGE_NAME ""
| #define PACKAGE_TARNAME ""
| #define PACKAGE_VERSION ""
| #define PACKAGE_STRING ""
| #define PACKAGE_BUGREPORT ""
| #define PACKAGE "libxml2"
| #define VERSION "2.9.4"
| #define STDC_HEADERS 1
| #define HAVE_SYS_TYPES_H 1
| #define HAVE_SYS_STAT_H 1
| #define HAVE_STDLIB_H 1
| #define HAVE_STRING_H 1
| #define HAVE_MEMORY_H 1
| #define HAVE_STRINGS_H 1
| #define HAVE_INTTYPES_H 1
| #define HAVE_STDINT_H 1
| #define HAVE_UNISTD_H 1
| #define HAVE_DLFCN_H 1
| #define LT_OBJDIR ".libs/"
| #define HAVE_ZLIB_H 1
| #define HAVE_LIBZ 1
| #define HAVE_LZMA_H 1
| #define HAVE_LIBLZMA 1
| #define HAVE_DIRENT_H 1
| #define STDC_HEADERS 1
| #define HAVE_FCNTL_H 1
| #define HAVE_UNISTD_H 1
| #define HAVE_CTYPE_H 1
| #define HAVE_DIRENT_H 1
| #define HAVE_ERRNO_H 1
| #define HAVE_STDARG_H 1
| #define HAVE_SYS_STAT_H 1
| #define HAVE_SYS_TYPES_H 1
| #define HAVE_STDINT_H 1
| #define HAVE_INTTYPES_H 1
| #define HAVE_TIME_H 1
| #define HAVE_MATH_H 1
| #define HAVE_LIMITS_H 1
| #define HAVE_FLOAT_H 1
| #define HAVE_STDLIB_H 1
| #define HAVE_SYS_SOCKET_H 1
| #define HAVE_NETINET_IN_H 1
| #define HAVE_ARPA_INET_H 1
| #define HAVE_NETDB_H 1
| #define HAVE_SYS_TIME_H 1
| #define HAVE_SYS_SELECT_H 1
| #define HAVE_POLL_H 1
| #define HAVE_SYS_MMAN_H 1
| #define HAVE_SYS_TIMEB_H 1
| #define HAVE_SIGNAL_H 1
| #define HAVE_ARPA_NAMESER_H 1
| #define HAVE_RESOLV_H 1
| #define HAVE_DLFCN_H 1
| #define HAVE_STRFTIME 1
| #define HAVE_STRDUP 1
| #define HAVE_STRNDUP 1
| #define HAVE_STRERROR 1
| #define HAVE_FINITE 1
| #define HAVE_STRFTIME 1
| #define HAVE_LOCALTIME 1
| #define HAVE_GETTIMEOFDAY 1
| #define HAVE_FTIME 1
| #define HAVE_STAT 1
| /* end confdefs.h.  */
| /* Define _stat to an innocuous variant, in case <limits.h> declares _stat.
|    For example, HP-UX 11i <limits.h> declares gettimeofday.  */
| #define _stat innocuous__stat
| 
| /* System header to define __stub macros and hopefully few prototypes,
|     which can conflict with char _stat (); below.
|     Prefer <limits.h> to <assert.h> if __STDC__ is defined, since
|     <limits.h> exists even on freestanding compilers.  */
| 
| #ifdef __STDC__
| # include <limits.h>
| #else
| # include <assert.h>
| #endif
| 
| #undef _stat
| 
| /* Override any GCC internal prototype to avoid an error.
|    Use char because int might match the return type of a GCC
|    builtin and then its argument prototype would still apply.  */
| #ifdef __cplusplus
| extern "C"
| #endif
| char _stat ();
| /* The GNU C library defines this for functions which it implements
|     to always fail with ENOSYS.  Some functions are actually named
|     something starting with __ and the normal name is an alias.  */
| #if defined __stub__stat || defined __stub____stat
| choke me
| #endif
| 
| int
| main ()
| {
| return _stat ();
|   ;
|   return 0;
| }
configure:18957: result: no
configure:18872: checking for signal
configure:18928: gcc -o conftest -g -O2 -I/Users/ryan/src/rotobox/3rd_party_build/include -L/Users/ryan/src/rotobox/3rd_party_build/lib conftest.c  >&5
configure:18935: $? = 0
configure:18957: result: yes
configure:18976: checking for rand
configure:19032: gcc -o conftest -g -O2 -I/Users/ryan/src/rotobox/3rd_party_build/include -L/Users/ryan/src/rotobox/3rd_party_build/lib conftest.c  >&5
configure:19039: $? = 0
configure:19061: result: yes
configure:18976: checking for rand_r
configure:19032: gcc -o conftest -g -O2 -I/Users/ryan/src/rotobox/3rd_party_build/include -L/Users/ryan/src/rotobox/3rd_party_build/lib conftest.c  >&5
configure:19039: $? = 0
configure:19061: result: yes
configure:18976: checking for srand
configure:19032: gcc -o conftest -g -O2 -I/Users/ryan/src/rotobox/3rd_party_build/include -L/Users/ryan/src/rotobox/3rd_party_build/lib conftest.c  >&5
configure:19039: $? = 0
configure:19061: result: yes
configure:18976: checking for time
configure:19032: gcc -o conftest -g -O2 -I/Users/ryan/src/rotobox/3rd_party_build/include -L/Users/ryan/src/rotobox/3rd_party_build/lib conftest.c  >&5
configure:19039: $? = 0
configure:19061: result: yes
configure:19080: checking for isascii
configure:19136: gcc -o conftest -g -O2 -I/Users/ryan/src/rotobox/3rd_party_build/include -L/Users/ryan/src/rotobox/3rd_party_build/lib conftest.c  >&5
configure:19143: $? = 0
configure:19165: result: yes
configure:19080: checking for mmap
configure:19136: gcc -o conftest -g -O2 -I/Users/ryan/src/rotobox/3rd_party_build/include -L/Users/ryan/src/rotobox/3rd_party_build/lib conftest.c  >&5
configure:19143: $? = 0
configure:19165: result: yes
configure:19080: checking for munmap
configure:19136: gcc -o conftest -g -O2 -I/Users/ryan/src/rotobox/3rd_party_build/include -L/Users/ryan/src/rotobox/3rd_party_build/lib conftest.c  >&5
configure:19143: $? = 0
configure:19165: result: yes
configure:19080: checking for putenv
configure:19136: gcc -o conftest -g -O2 -I/Users/ryan/src/rotobox/3rd_party_build/include -L/Users/ryan/src/rotobox/3rd_party_build/lib conftest.c  >&5
configure:19143: $? = 0
configure:19165: result: yes
configure:19181: checking for va_copy
configure:19205: gcc -o conftest -g -O2 -I/Users/ryan/src/rotobox/3rd_party_build/include -L/Users/ryan/src/rotobox/3rd_party_build/lib conftest.c  >&5
configure:19212: $? = 0
configure:19231: result: yes
configure:19301: checking whether va_list is an array type
configure:19314: gcc -c -g -O2 -I/Users/ryan/src/rotobox/3rd_party_build/include conftest.c >&5
configure:19310:34: error: used type 'va_list' (aka '__builtin_va_list') where arithmetic or pointer type is required
va_list ap1, ap2; a(&ap1); ap2 = (va_list) ap1
                                 ^         ~~~
1 error generated.
configure: failed program was:
#line 19304 "configure"
#include "confdefs.h"

#include <stdarg.h>
void a(va_list * ap) {}
int main(void) {

va_list ap1, ap2; a(&ap1); ap2 = (va_list) ap1
; return 0; }
configure:19324: result: yes
configure:19334: checking for library containing gethostent
configure:19375: gcc -o conftest -g -O2 -I/Users/ryan/src/rotobox/3rd_party_build/include -L/Users/ryan/src/rotobox/3rd_party_build/lib conftest.c  >&5
configure:19382: $? = 0
configure:19413: result: none required
configure:19421: checking for library containing setsockopt
configure:19462: gcc -o conftest -g -O2 -I/Users/ryan/src/rotobox/3rd_party_build/include -L/Users/ryan/src/rotobox/3rd_party_build/lib conftest.c  >&5
configure:19469: $? = 0
configure:19500: result: none required
configure:19508: checking for library containing connect
configure:19549: gcc -o conftest -g -O2 -I/Users/ryan/src/rotobox/3rd_party_build/include -L/Users/ryan/src/rotobox/3rd_party_build/lib conftest.c  >&5
configure:19556: $? = 0
configure:19587: result: none required
configure:19596: checking for type of socket length (socklen_t)
configure:19610: gcc -c -g -O2 -I/Users/ryan/src/rotobox/3rd_party_build/include conftest.c >&5
configure:19613: result: socklen_t *
configure:19682: checking for const gethostbyname() argument
configure:19705: gcc -o conftest -g -O2 -I/Users/ryan/src/rotobox/3rd_party_build/include -L/Users/ryan/src/rotobox/3rd_party_build/lib conftest.c  >&5
configure:19712: $? = 0
configure:19731: result: yes
configure:19747: checking for const send() second argument
configure:19771: gcc -o conftest -g -O2 -I/Users/ryan/src/rotobox/3rd_party_build/include -L/Users/ryan/src/rotobox/3rd_party_build/lib conftest.c  >&5
configure:19778: $? = 0
configure:19797: result: yes
configure:19814: checking whether to enable IPv6
configure:19856: gcc -c -g -O2 -I/Users/ryan/src/rotobox/3rd_party_build/include conftest.c >&5
configure:19863: $? = 0
configure:19878: result: yes
configure:19889: checking struct sockaddr::ss_family
configure:19918: gcc -c -g -O2 -I/Users/ryan/src/rotobox/3rd_party_build/include conftest.c >&5
configure:19925: $? = 0
configure:19940: result: yes
configure:20014: checking for getaddrinfo
configure:20070: gcc -o conftest -g -O2 -I/Users/ryan/src/rotobox/3rd_party_build/include -L/Users/ryan/src/rotobox/3rd_party_build/lib conftest.c  >&5
configure:20077: $? = 0
configure:20097: result: yes
configure:20193: checking for isnan
configure:20249: gcc -o conftest -g -O2 -I/Users/ryan/src/rotobox/3rd_party_build/include -L/Users/ryan/src/rotobox/3rd_party_build/lib conftest.c  >&5
configure:20256: $? = 0
configure:20276: result: yes
configure:20361: checking for isinf
configure:20417: gcc -o conftest -g -O2 -I/Users/ryan/src/rotobox/3rd_party_build/include -L/Users/ryan/src/rotobox/3rd_party_build/lib conftest.c  >&5
configure:20424: $? = 0
configure:20444: result: yes
configure:20620: checking for python
configure:20638: found /usr/bin/python
configure:20650: result: /usr/bin/python
configure:20826: checking for shl_load
configure:20882: gcc -o conftest -g -O2 -pedantic -W -Wformat -Wno-format-extra-args -Wunused -Wimplicit -Wreturn-type -Wswitch -Wcomment -Wtrigraphs -Wchar-subscripts -Wuninitialized -Wparentheses -Wshadow -Wpointer-arith -Wcast-align -Wwrite-strings -Waggregate-return -Wstrict-prototypes -Wmissing-prototypes -Wnested-externs -Winline -Wredundant-decls -Wno-long-long -I/Users/ryan/src/rotobox/3rd_party_build/include -L/Users/ryan/src/rotobox/3rd_party_build/lib conftest.c  >&5
Undefined symbols for architecture x86_64:
  "_shl_load", referenced from:
      _main in conftest-4ed36e.o
ld: symbol(s) not found for architecture x86_64
clang: error: linker command failed with exit code 1 (use -v to see invocation)
configure:20889: $? = 1
configure: failed program was:
| /* confdefs.h.  */
| #define PACKAGE_NAME ""
| #define PACKAGE_TARNAME ""
| #define PACKAGE_VERSION ""
| #define PACKAGE_STRING ""
| #define PACKAGE_BUGREPORT ""
| #define PACKAGE "libxml2"
| #define VERSION "2.9.4"
| #define STDC_HEADERS 1
| #define HAVE_SYS_TYPES_H 1
| #define HAVE_SYS_STAT_H 1
| #define HAVE_STDLIB_H 1
| #define HAVE_STRING_H 1
| #define HAVE_MEMORY_H 1
| #define HAVE_STRINGS_H 1
| #define HAVE_INTTYPES_H 1
| #define HAVE_STDINT_H 1
| #define HAVE_UNISTD_H 1
| #define HAVE_DLFCN_H 1
| #define LT_OBJDIR ".libs/"
| #define HAVE_ZLIB_H 1
| #define HAVE_LIBZ 1
| #define HAVE_LZMA_H 1
| #define HAVE_LIBLZMA 1
| #define HAVE_DIRENT_H 1
| #define STDC_HEADERS 1
| #define HAVE_FCNTL_H 1
| #define HAVE_UNISTD_H 1
| #define HAVE_CTYPE_H 1
| #define HAVE_DIRENT_H 1
| #define HAVE_ERRNO_H 1
| #define HAVE_STDARG_H 1
| #define HAVE_SYS_STAT_H 1
| #define HAVE_SYS_TYPES_H 1
| #define HAVE_STDINT_H 1
| #define HAVE_INTTYPES_H 1
| #define HAVE_TIME_H 1
| #define HAVE_MATH_H 1
| #define HAVE_LIMITS_H 1
| #define HAVE_FLOAT_H 1
| #define HAVE_STDLIB_H 1
| #define HAVE_SYS_SOCKET_H 1
| #define HAVE_NETINET_IN_H 1
| #define HAVE_ARPA_INET_H 1
| #define HAVE_NETDB_H 1
| #define HAVE_SYS_TIME_H 1
| #define HAVE_SYS_SELECT_H 1
| #define HAVE_POLL_H 1
| #define HAVE_SYS_MMAN_H 1
| #define HAVE_SYS_TIMEB_H 1
| #define HAVE_SIGNAL_H 1
| #define HAVE_ARPA_NAMESER_H 1
| #define HAVE_RESOLV_H 1
| #define HAVE_DLFCN_H 1
| #define HAVE_STRFTIME 1
| #define HAVE_STRDUP 1
| #define HAVE_STRNDUP 1
| #define HAVE_STRERROR 1
| #define HAVE_FINITE 1
| #define HAVE_STRFTIME 1
| #define HAVE_LOCALTIME 1
| #define HAVE_GETTIMEOFDAY 1
| #define HAVE_FTIME 1
| #define HAVE_STAT 1
| #define HAVE_SIGNAL 1
| #define HAVE_RAND 1
| #define HAVE_RAND_R 1
| #define HAVE_SRAND 1
| #define HAVE_TIME 1
| #define HAVE_ISASCII 1
| #define HAVE_MMAP 1
| #define HAVE_MUNMAP 1
| #define HAVE_PUTENV 1
| #define HAVE_VA_COPY 1
| #define VA_LIST_IS_ARRAY 1
| #define XML_SOCKLEN_T socklen_t
| #define GETHOSTBYNAME_ARG_CAST /**/
| #define SEND_ARG2_CAST /**/
| #define SUPPORT_IP6 /**/
| #define HAVE_GETADDRINFO /**/
| #define HAVE_ISNAN /**/
| #define HAVE_ISINF /**/
| /* end confdefs.h.  */
| /* Define shl_load to an innocuous variant, in case <limits.h> declares shl_load.
|    For example, HP-UX 11i <limits.h> declares gettimeofday.  */
| #define shl_load innocuous_shl_load
| 
| /* System header to define __stub macros and hopefully few prototypes,
|     which can conflict with char shl_load (); below.
|     Prefer <limits.h> to <assert.h> if __STDC__ is defined, since
|     <limits.h> exists even on freestanding compilers.  */
| 
| #ifdef __STDC__
| # include <limits.h>
| #else
| # include <assert.h>
| #endif
| 
| #undef shl_load
| 
| /* Override any GCC internal prototype to avoid an error.
|    Use char because int might match the return type of a GCC
|    builtin and then its argument prototype would still apply.  */
| #ifdef __cplusplus
| extern "C"
| #endif
| char shl_load ();
| /* The GNU C library defines this for functions which it implements
|     to always fail with ENOSYS.  Some functions are actually named
|     something starting with __ and the normal name is an alias.  */
| #if defined __stub_shl_load || defined __stub___shl_load
| choke me
| #endif
| 
| int
| main ()
| {
| return shl_load ();
|   ;
|   return 0;
| }
configure:20909: result: no
configure:20915: checking for shl_load in -ldld
configure:20950: gcc -o conftest -g -O2 -pedantic -W -Wformat -Wno-format-extra-args -Wunused -Wimplicit -Wreturn-type -Wswitch -Wcomment -Wtrigraphs -Wchar-subscripts -Wuninitialized -Wparentheses -Wshadow -Wpointer-arith -Wcast-align -Wwrite-strings -Waggregate-return -Wstrict-prototypes -Wmissing-prototypes -Wnested-externs -Winline -Wredundant-decls -Wno-long-long -I/Users/ryan/src/rotobox/3rd_party_build/include -L/Users/ryan/src/rotobox/3rd_party_build/lib conftest.c -ldld   >&5
ld: library not found for -ldld
clang: error: linker command failed with exit code 1 (use -v to see invocation)
configure:20957: $? = 1
configure: failed program was:
| /* confdefs.h.  */
| #define PACKAGE_NAME ""
| #define PACKAGE_TARNAME ""
| #define PACKAGE_VERSION ""
| #define PACKAGE_STRING ""
| #define PACKAGE_BUGREPORT ""
| #define PACKAGE "libxml2"
| #define VERSION "2.9.4"
| #define STDC_HEADERS 1
| #define HAVE_SYS_TYPES_H 1
| #define HAVE_SYS_STAT_H 1
| #define HAVE_STDLIB_H 1
| #define HAVE_STRING_H 1
| #define HAVE_MEMORY_H 1
| #define HAVE_STRINGS_H 1
| #define HAVE_INTTYPES_H 1
| #define HAVE_STDINT_H 1
| #define HAVE_UNISTD_H 1
| #define HAVE_DLFCN_H 1
| #define LT_OBJDIR ".libs/"
| #define HAVE_ZLIB_H 1
| #define HAVE_LIBZ 1
| #define HAVE_LZMA_H 1
| #define HAVE_LIBLZMA 1
| #define HAVE_DIRENT_H 1
| #define STDC_HEADERS 1
| #define HAVE_FCNTL_H 1
| #define HAVE_UNISTD_H 1
| #define HAVE_CTYPE_H 1
| #define HAVE_DIRENT_H 1
| #define HAVE_ERRNO_H 1
| #define HAVE_STDARG_H 1
| #define HAVE_SYS_STAT_H 1
| #define HAVE_SYS_TYPES_H 1
| #define HAVE_STDINT_H 1
| #define HAVE_INTTYPES_H 1
| #define HAVE_TIME_H 1
| #define HAVE_MATH_H 1
| #define HAVE_LIMITS_H 1
| #define HAVE_FLOAT_H 1
| #define HAVE_STDLIB_H 1
| #define HAVE_SYS_SOCKET_H 1
| #define HAVE_NETINET_IN_H 1
| #define HAVE_ARPA_INET_H 1
| #define HAVE_NETDB_H 1
| #define HAVE_SYS_TIME_H 1
| #define HAVE_SYS_SELECT_H 1
| #define HAVE_POLL_H 1
| #define HAVE_SYS_MMAN_H 1
| #define HAVE_SYS_TIMEB_H 1
| #define HAVE_SIGNAL_H 1
| #define HAVE_ARPA_NAMESER_H 1
| #define HAVE_RESOLV_H 1
| #define HAVE_DLFCN_H 1
| #define HAVE_STRFTIME 1
| #define HAVE_STRDUP 1
| #define HAVE_STRNDUP 1
| #define HAVE_STRERROR 1
| #define HAVE_FINITE 1
| #define HAVE_STRFTIME 1
| #define HAVE_LOCALTIME 1
| #define HAVE_GETTIMEOFDAY 1
| #define HAVE_FTIME 1
| #define HAVE_STAT 1
| #define HAVE_SIGNAL 1
| #define HAVE_RAND 1
| #define HAVE_RAND_R 1
| #define HAVE_SRAND 1
| #define HAVE_TIME 1
| #define HAVE_ISASCII 1
| #define HAVE_MMAP 1
| #define HAVE_MUNMAP 1
| #define HAVE_PUTENV 1
| #define HAVE_VA_COPY 1
| #define VA_LIST_IS_ARRAY 1
| #define XML_SOCKLEN_T socklen_t
| #define GETHOSTBYNAME_ARG_CAST /**/
| #define SEND_ARG2_CAST /**/
| #define SUPPORT_IP6 /**/
| #define HAVE_GETADDRINFO /**/
| #define HAVE_ISNAN /**/
| #define HAVE_ISINF /**/
| /* end confdefs.h.  */
| 
| /* Override any GCC internal prototype to avoid an error.
|    Use char because int might match the return type of a GCC
|    builtin and then its argument prototype would still apply.  */
| #ifdef __cplusplus
| extern "C"
| #endif
| char shl_load ();
| int
| main ()
| {
| return shl_load ();
|   ;
|   return 0;
| }
configure:20978: result: no
configure:20986: checking for dlopen
configure:21042: gcc -o conftest -g -O2 -pedantic -W -Wformat -Wno-format-extra-args -Wunused -Wimplicit -Wreturn-type -Wswitch -Wcomment -Wtrigraphs -Wchar-subscripts -Wuninitialized -Wparentheses -Wshadow -Wpointer-arith -Wcast-align -Wwrite-strings -Waggregate-return -Wstrict-prototypes -Wmissing-prototypes -Wnested-externs -Winline -Wredundant-decls -Wno-long-long -I/Users/ryan/src/rotobox/3rd_party_build/include -L/Users/ryan/src/rotobox/3rd_party_build/lib conftest.c  >&5
configure:21049: $? = 0
configure:21069: result: yes
configure:21271: checking pthread.h usability
configure:21288: gcc -c -g -O2 -pedantic -W -Wformat -Wno-format-extra-args -Wunused -Wimplicit -Wreturn-type -Wswitch -Wcomment -Wtrigraphs -Wchar-subscripts -Wuninitialized -Wparentheses -Wshadow -Wpointer-arith -Wcast-align -Wwrite-strings -Waggregate-return -Wstrict-prototypes -Wmissing-prototypes -Wnested-externs -Winline -Wredundant-decls -Wno-long-long -I/Users/ryan/src/rotobox/3rd_party_build/include conftest.c >&5
configure:21295: $? = 0
configure:21309: result: yes
configure:21313: checking pthread.h presence
configure:21328: gcc -E -I/Users/ryan/src/rotobox/3rd_party_build/include conftest.c
configure:21335: $? = 0
configure:21349: result: yes
configure:21377: checking for pthread.h
configure:21384: result: yes
configure:21389: checking for pthread_join in -lpthread
configure:21424: gcc -o conftest -g -O2 -pedantic -W -Wformat -Wno-format-extra-args -Wunused -Wimplicit -Wreturn-type -Wswitch -Wcomment -Wtrigraphs -Wchar-subscripts -Wuninitialized -Wparentheses -Wshadow -Wpointer-arith -Wcast-align -Wwrite-strings -Waggregate-return -Wstrict-prototypes -Wmissing-prototypes -Wnested-externs -Winline -Wredundant-decls -Wno-long-long -I/Users/ryan/src/rotobox/3rd_party_build/include -L/Users/ryan/src/rotobox/3rd_party_build/lib conftest.c -lpthread   >&5
configure:21431: $? = 0
configure:21452: result: yes
configure:22322: checking iconv.h usability
configure:22339: gcc -c -g -O2 -pedantic -W -Wformat -Wno-format-extra-args -Wunused -Wimplicit -Wreturn-type -Wswitch -Wcomment -Wtrigraphs -Wchar-subscripts -Wuninitialized -Wparentheses -Wshadow -Wpointer-arith -Wcast-align -Wwrite-strings -Waggregate-return -Wstrict-prototypes -Wmissing-prototypes -Wnested-externs -Winline -Wredundant-decls -Wno-long-long -I/Users/ryan/src/rotobox/3rd_party_build/include conftest.c >&5
configure:22346: $? = 0
configure:22360: result: yes
configure:22364: checking iconv.h presence
configure:22379: gcc -E -I/Users/ryan/src/rotobox/3rd_party_build/include conftest.c
configure:22386: $? = 0
configure:22400: result: yes
configure:22428: checking for iconv.h
configure:22435: result: yes
configure:22440: checking for iconv
configure:22466: gcc -o conftest -g -O2 -pedantic -W -Wformat -Wno-format-extra-args -Wunused -Wimplicit -Wreturn-type -Wswitch -Wcomment -Wtrigraphs -Wchar-subscripts -Wuninitialized -Wparentheses -Wshadow -Wpointer-arith -Wcast-align -Wwrite-strings -Waggregate-return -Wstrict-prototypes -Wmissing-prototypes -Wnested-externs -Winline -Wredundant-decls -Wno-long-long -I/Users/ryan/src/rotobox/3rd_party_build/include -L/Users/ryan/src/rotobox/3rd_party_build/lib conftest.c  >&5
Undefined symbols for architecture x86_64:
  "_iconv", referenced from:
      _main in conftest-8791a5.o
  "_iconv_open", referenced from:
      _main in conftest-8791a5.o
ld: symbol(s) not found for architecture x86_64
clang: error: linker command failed with exit code 1 (use -v to see invocation)
configure:22473: $? = 1
configure: failed program was:
| /* confdefs.h.  */
| #define PACKAGE_NAME ""
| #define PACKAGE_TARNAME ""
| #define PACKAGE_VERSION ""
| #define PACKAGE_STRING ""
| #define PACKAGE_BUGREPORT ""
| #define PACKAGE "libxml2"
| #define VERSION "2.9.4"
| #define STDC_HEADERS 1
| #define HAVE_SYS_TYPES_H 1
| #define HAVE_SYS_STAT_H 1
| #define HAVE_STDLIB_H 1
| #define HAVE_STRING_H 1
| #define HAVE_MEMORY_H 1
| #define HAVE_STRINGS_H 1
| #define HAVE_INTTYPES_H 1
| #define HAVE_STDINT_H 1
| #define HAVE_UNISTD_H 1
| #define HAVE_DLFCN_H 1
| #define LT_OBJDIR ".libs/"
| #define HAVE_ZLIB_H 1
| #define HAVE_LIBZ 1
| #define HAVE_LZMA_H 1
| #define HAVE_LIBLZMA 1
| #define HAVE_DIRENT_H 1
| #define STDC_HEADERS 1
| #define HAVE_FCNTL_H 1
| #define HAVE_UNISTD_H 1
| #define HAVE_CTYPE_H 1
| #define HAVE_DIRENT_H 1
| #define HAVE_ERRNO_H 1
| #define HAVE_STDARG_H 1
| #define HAVE_SYS_STAT_H 1
| #define HAVE_SYS_TYPES_H 1
| #define HAVE_STDINT_H 1
| #define HAVE_INTTYPES_H 1
| #define HAVE_TIME_H 1
| #define HAVE_MATH_H 1
| #define HAVE_LIMITS_H 1
| #define HAVE_FLOAT_H 1
| #define HAVE_STDLIB_H 1
| #define HAVE_SYS_SOCKET_H 1
| #define HAVE_NETINET_IN_H 1
| #define HAVE_ARPA_INET_H 1
| #define HAVE_NETDB_H 1
| #define HAVE_SYS_TIME_H 1
| #define HAVE_SYS_SELECT_H 1
| #define HAVE_POLL_H 1
| #define HAVE_SYS_MMAN_H 1
| #define HAVE_SYS_TIMEB_H 1
| #define HAVE_SIGNAL_H 1
| #define HAVE_ARPA_NAMESER_H 1
| #define HAVE_RESOLV_H 1
| #define HAVE_DLFCN_H 1
| #define HAVE_STRFTIME 1
| #define HAVE_STRDUP 1
| #define HAVE_STRNDUP 1
| #define HAVE_STRERROR 1
| #define HAVE_FINITE 1
| #define HAVE_STRFTIME 1
| #define HAVE_LOCALTIME 1
| #define HAVE_GETTIMEOFDAY 1
| #define HAVE_FTIME 1
| #define HAVE_STAT 1
| #define HAVE_SIGNAL 1
| #define HAVE_RAND 1
| #define HAVE_RAND_R 1
| #define HAVE_SRAND 1
| #define HAVE_TIME 1
| #define HAVE_ISASCII 1
| #define HAVE_MMAP 1
| #define HAVE_MUNMAP 1
| #define HAVE_PUTENV 1
| #define HAVE_VA_COPY 1
| #define VA_LIST_IS_ARRAY 1
| #define XML_SOCKLEN_T socklen_t
| #define GETHOSTBYNAME_ARG_CAST /**/
| #define SEND_ARG2_CAST /**/
| #define SUPPORT_IP6 /**/
| #define HAVE_GETADDRINFO /**/
| #define HAVE_ISNAN /**/
| #define HAVE_ISINF /**/
| #define HAVE_DLOPEN /**/
| #define HAVE_LIBPTHREAD /**/
| #define HAVE_PTHREAD_H /**/
| /* end confdefs.h.  */
| #include <stdlib.h>
| #include <iconv.h>
| int
| main ()
| {
| 
| iconv_t cd = iconv_open ("","");
| iconv (cd, NULL, NULL, NULL, NULL);
|   ;
|   return 0;
| }
configure:22490: result: no
configure:22492: checking for iconv in -liconv
configure:22524: gcc -o conftest -g -O2 -pedantic -W -Wformat -Wno-format-extra-args -Wunused -Wimplicit -Wreturn-type -Wswitch -Wcomment -Wtrigraphs -Wchar-subscripts -Wuninitialized -Wparentheses -Wshadow -Wpointer-arith -Wcast-align -Wwrite-strings -Waggregate-return -Wstrict-prototypes -Wmissing-prototypes -Wnested-externs -Winline -Wredundant-decls -Wno-long-long -I/Users/ryan/src/rotobox/3rd_party_build/include -L/Users/ryan/src/rotobox/3rd_party_build/lib  conftest.c  -liconv >&5
configure:22531: $? = 0
configure:22540: result: yes
configure:22570: checking for iconv declaration
configure:22608: gcc -c -g -O2 -pedantic -W -Wformat -Wno-format-extra-args -Wunused -Wimplicit -Wreturn-type -Wswitch -Wcomment -Wtrigraphs -Wchar-subscripts -Wuninitialized -Wparentheses -Wshadow -Wpointer-arith -Wcast-align -Wwrite-strings -Waggregate-return -Wstrict-prototypes -Wmissing-prototypes -Wnested-externs -Winline -Wredundant-decls -Wno-long-long -I/Users/ryan/src/rotobox/3rd_party_build/include conftest.c >&5
configure:22615: $? = 0
configure:22634: result: 
	extern size_t iconv (iconv_t cd,  char * *inbuf, size_t *inbytesleft, char * *outbuf, size_t *outbytesleft);
configure:23128: checking for printf
configure:23184: gcc -o conftest -g -O2 -pedantic -W -Wformat -Wno-format-extra-args -Wunused -Wimplicit -Wreturn-type -Wswitch -Wcomment -Wtrigraphs -Wchar-subscripts -Wuninitialized -Wparentheses -Wshadow -Wpointer-arith -Wcast-align -Wwrite-strings -Waggregate-return -Wstrict-prototypes -Wmissing-prototypes -Wnested-externs -Winline -Wredundant-decls -Wno-long-long -I/Users/ryan/src/rotobox/3rd_party_build/include -L/Users/ryan/src/rotobox/3rd_party_build/lib conftest.c  >&5
conftest.c:111:6: warning: incompatible redeclaration of library function 'printf' [-Wincompatible-library-redeclaration]
char printf ();
     ^
conftest.c:111:6: note: 'printf' is a builtin with type 'int (const char *, ...)'
1 warning generated.
configure:23191: $? = 0
configure:23213: result: yes
configure:23128: checking for sprintf
configure:23184: gcc -o conftest -g -O2 -pedantic -W -Wformat -Wno-format-extra-args -Wunused -Wimplicit -Wreturn-type -Wswitch -Wcomment -Wtrigraphs -Wchar-subscripts -Wuninitialized -Wparentheses -Wshadow -Wpointer-arith -Wcast-align -Wwrite-strings -Waggregate-return -Wstrict-prototypes -Wmissing-prototypes -Wnested-externs -Winline -Wredundant-decls -Wno-long-long -I/Users/ryan/src/rotobox/3rd_party_build/include -L/Users/ryan/src/rotobox/3rd_party_build/lib conftest.c  >&5
conftest.c:112:6: warning: incompatible redeclaration of library function 'sprintf' [-Wincompatible-library-redeclaration]
char sprintf ();
     ^
conftest.c:112:6: note: 'sprintf' is a builtin with type 'int (char *, const char *, ...)'
1 warning generated.
configure:23191: $? = 0
configure:23213: result: yes
configure:23128: checking for fprintf
configure:23184: gcc -o conftest -g -O2 -pedantic -W -Wformat -Wno-format-extra-args -Wunused -Wimplicit -Wreturn-type -Wswitch -Wcomment -Wtrigraphs -Wchar-subscripts -Wuninitialized -Wparentheses -Wshadow -Wpointer-arith -Wcast-align -Wwrite-strings -Waggregate-return -Wstrict-prototypes -Wmissing-prototypes -Wnested-externs -Winline -Wredundant-decls -Wno-long-long -I/Users/ryan/src/rotobox/3rd_party_build/include -L/Users/ryan/src/rotobox/3rd_party_build/lib conftest.c  >&5
conftest.c:113:6: warning: declaration of built-in function 'fprintf' requires inclusion of the header <stdio.h> [-Wbuiltin-requires-header]
char fprintf ();
     ^
conftest.c:124:17: warning: format string missing [-Wformat]
return fprintf ();
       ~~~~~~~  ^
2 warnings generated.
configure:23191: $? = 0
configure:23213: result: yes
configure:23128: checking for snprintf
configure:23184: gcc -o conftest -g -O2 -pedantic -W -Wformat -Wno-format-extra-args -Wunused -Wimplicit -Wreturn-type -Wswitch -Wcomment -Wtrigraphs -Wchar-subscripts -Wuninitialized -Wparentheses -Wshadow -Wpointer-arith -Wcast-align -Wwrite-strings -Waggregate-return -Wstrict-prototypes -Wmissing-prototypes -Wnested-externs -Winline -Wredundant-decls -Wno-long-long -I/Users/ryan/src/rotobox/3rd_party_build/include -L/Users/ryan/src/rotobox/3rd_party_build/lib conftest.c  >&5
conftest.c:114:6: warning: incompatible redeclaration of library function 'snprintf' [-Wincompatible-library-redeclaration]
char snprintf ();
     ^
conftest.c:114:6: note: 'snprintf' is a builtin with type 'int (char *, unsigned long, const char *, ...)'
1 warning generated.
configure:23191: $? = 0
configure:23213: result: yes
configure:23128: checking for vfprintf
configure:23184: gcc -o conftest -g -O2 -pedantic -W -Wformat -Wno-format-extra-args -Wunused -Wimplicit -Wreturn-type -Wswitch -Wcomment -Wtrigraphs -Wchar-subscripts -Wuninitialized -Wparentheses -Wshadow -Wpointer-arith -Wcast-align -Wwrite-strings -Waggregate-return -Wstrict-prototypes -Wmissing-prototypes -Wnested-externs -Winline -Wredundant-decls -Wno-long-long -I/Users/ryan/src/rotobox/3rd_party_build/include -L/Users/ryan/src/rotobox/3rd_party_build/lib conftest.c  >&5
conftest.c:115:6: warning: incompatible redeclaration of library function 'vfprintf' [-Wincompatible-library-redeclaration]
char vfprintf ();
     ^
conftest.c:115:6: note: 'vfprintf' is a builtin with type 'int ()'
1 warning generated.
configure:23191: $? = 0
configure:23213: result: yes
configure:23128: checking for vsprintf
configure:23184: gcc -o conftest -g -O2 -pedantic -W -Wformat -Wno-format-extra-args -Wunused -Wimplicit -Wreturn-type -Wswitch -Wcomment -Wtrigraphs -Wchar-subscripts -Wuninitialized -Wparentheses -Wshadow -Wpointer-arith -Wcast-align -Wwrite-strings -Waggregate-return -Wstrict-prototypes -Wmissing-prototypes -Wnested-externs -Winline -Wredundant-decls -Wno-long-long -I/Users/ryan/src/rotobox/3rd_party_build/include -L/Users/ryan/src/rotobox/3rd_party_build/lib conftest.c  >&5
conftest.c:116:6: warning: incompatible redeclaration of library function 'vsprintf' [-Wincompatible-library-redeclaration]
char vsprintf ();
     ^
conftest.c:116:6: note: 'vsprintf' is a builtin with type 'int (char *, const char *, struct __va_list_tag *)'
1 warning generated.
configure:23191: $? = 0
configure:23213: result: yes
configure:23128: checking for vsnprintf
configure:23184: gcc -o conftest -g -O2 -pedantic -W -Wformat -Wno-format-extra-args -Wunused -Wimplicit -Wreturn-type -Wswitch -Wcomment -Wtrigraphs -Wchar-subscripts -Wuninitialized -Wparentheses -Wshadow -Wpointer-arith -Wcast-align -Wwrite-strings -Waggregate-return -Wstrict-prototypes -Wmissing-prototypes -Wnested-externs -Winline -Wredundant-decls -Wno-long-long -I/Users/ryan/src/rotobox/3rd_party_build/include -L/Users/ryan/src/rotobox/3rd_party_build/lib conftest.c  >&5
conftest.c:117:6: warning: incompatible redeclaration of library function 'vsnprintf' [-Wincompatible-library-redeclaration]
char vsnprintf ();
     ^
conftest.c:117:6: note: 'vsnprintf' is a builtin with type 'int (char *, unsigned long, const char *, struct __va_list_tag *)'
1 warning generated.
configure:23191: $? = 0
configure:23213: result: yes
configure:23128: checking for sscanf
configure:23184: gcc -o conftest -g -O2 -pedantic -W -Wformat -Wno-format-extra-args -Wunused -Wimplicit -Wreturn-type -Wswitch -Wcomment -Wtrigraphs -Wchar-subscripts -Wuninitialized -Wparentheses -Wshadow -Wpointer-arith -Wcast-align -Wwrite-strings -Waggregate-return -Wstrict-prototypes -Wmissing-prototypes -Wnested-externs -Winline -Wredundant-decls -Wno-long-long -I/Users/ryan/src/rotobox/3rd_party_build/include -L/Users/ryan/src/rotobox/3rd_party_build/lib conftest.c  >&5
conftest.c:118:6: warning: incompatible redeclaration of library function 'sscanf' [-Wincompatible-library-redeclaration]
char sscanf ();
     ^
conftest.c:118:6: note: 'sscanf' is a builtin with type 'int (const char *restrict, const char *restrict, ...)'
1 warning generated.
configure:23191: $? = 0
configure:23213: result: yes
configure:23446: creating ./config.status

## ---------------------- ##
## Running config.status. ##
## ---------------------- ##

This file was extended by config.status, which was
generated by GNU Autoconf 2.63.  Invocation command line was

  CONFIG_FILES    = 
  CONFIG_HEADERS  = 
  CONFIG_LINKS    = 
  CONFIG_COMMANDS = 
  $ ./config.status 

on Ryans-iMac.ryan-david.com

config.status:1203: creating libxml2.spec
config.status:1203: creating Makefile
config.status:1203: creating include/Makefile
config.status:1203: creating include/libxml/Makefile
config.status:1203: creating doc/Makefile
config.status:1203: creating doc/examples/Makefile
config.status:1203: creating doc/devhelp/Makefile
config.status:1203: creating example/Makefile
config.status:1203: creating python/Makefile
config.status:1203: creating python/tests/Makefile
config.status:1203: creating xstc/Makefile
config.status:1203: creating include/libxml/xmlversion.h
config.status:1203: creating libxml-2.0.pc
config.status:1203: creating libxml-2.0-uninstalled.pc
config.status:1203: creating libxml2-config.cmake
config.status:1203: creating python/setup.py
config.status:1203: creating xml2-config
config.status:1203: creating config.h
config.status:1425: config.h is unchanged
config.status:1477: executing depfiles commands
config.status:1477: executing libtool commands

## ---------------- ##
## Cache variables. ##
## ---------------- ##

ac_cv_build=x86_64-apple-darwin16.0.0
ac_cv_c_compiler_gnu=yes
ac_cv_c_uint32_t=yes
ac_cv_env_CC_set=
ac_cv_env_CC_value=
ac_cv_env_CFLAGS_set=
ac_cv_env_CFLAGS_value=
ac_cv_env_CPPFLAGS_set=set
ac_cv_env_CPPFLAGS_value=-I/Users/ryan/src/rotobox/3rd_party_build/include
ac_cv_env_CPP_set=
ac_cv_env_CPP_value=
ac_cv_env_ICU_CFLAGS_set=
ac_cv_env_ICU_CFLAGS_value=
ac_cv_env_ICU_LIBS_set=
ac_cv_env_ICU_LIBS_value=
ac_cv_env_LDFLAGS_set=set
ac_cv_env_LDFLAGS_value=-L/Users/ryan/src/rotobox/3rd_party_build/lib
ac_cv_env_LIBS_set=
ac_cv_env_LIBS_value=
ac_cv_env_LZMA_CFLAGS_set=
ac_cv_env_LZMA_CFLAGS_value=
ac_cv_env_LZMA_LIBS_set=
ac_cv_env_LZMA_LIBS_value=
ac_cv_env_PKG_CONFIG_set=
ac_cv_env_PKG_CONFIG_value=
ac_cv_env_Z_CFLAGS_set=
ac_cv_env_Z_CFLAGS_value=
ac_cv_env_Z_LIBS_set=
ac_cv_env_Z_LIBS_value=
ac_cv_env_build_alias_set=
ac_cv_env_build_alias_value=
ac_cv_env_host_alias_set=
ac_cv_env_host_alias_value=
ac_cv_env_target_alias_set=
ac_cv_env_target_alias_value=
ac_cv_func__stat=no
ac_cv_func_class=no
ac_cv_func_dlopen=yes
ac_cv_func_finite=yes
ac_cv_func_fp_class=no
ac_cv_func_fpclass=no
ac_cv_func_fprintf=yes
ac_cv_func_ftime=yes
ac_cv_func_getaddrinfo=yes
ac_cv_func_gettimeofday=yes
ac_cv_func_isascii=yes
ac_cv_func_isinf=yes
ac_cv_func_isnan=yes
ac_cv_func_isnand=no
ac_cv_func_localtime=yes
ac_cv_func_mmap=yes
ac_cv_func_munmap=yes
ac_cv_func_printf=yes
ac_cv_func_putenv=yes
ac_cv_func_rand=yes
ac_cv_func_rand_r=yes
ac_cv_func_shl_load=no
ac_cv_func_signal=yes
ac_cv_func_snprintf=yes
ac_cv_func_sprintf=yes
ac_cv_func_srand=yes
ac_cv_func_sscanf=yes
ac_cv_func_stat=yes
ac_cv_func_strdup=yes
ac_cv_func_strerror=yes
ac_cv_func_strftime=yes
ac_cv_func_strndup=yes
ac_cv_func_time=yes
ac_cv_func_vfprintf=yes
ac_cv_func_vsnprintf=yes
ac_cv_func_vsprintf=yes
ac_cv_header_ansidecl_h=no
ac_cv_header_arpa_inet_h=yes
ac_cv_header_arpa_nameser_h=yes
ac_cv_header_ctype_h=yes
ac_cv_header_dirent_dirent_h=yes
ac_cv_header_dirent_h=yes
ac_cv_header_dl_h=no
ac_cv_header_dlfcn_h=yes
ac_cv_header_errno_h=yes
ac_cv_header_fcntl_h=yes
ac_cv_header_float_h=yes
ac_cv_header_fp_class_h=no
ac_cv_header_iconv_h=yes
ac_cv_header_ieeefp_h=no
ac_cv_header_inttypes_h=yes
ac_cv_header_limits_h=yes
ac_cv_header_lzma_h=yes
ac_cv_header_malloc_h=no
ac_cv_header_math_h=yes
ac_cv_header_memory_h=yes
ac_cv_header_nan_h=no
ac_cv_header_netdb_h=yes
ac_cv_header_netinet_in_h=yes
ac_cv_header_poll_h=yes
ac_cv_header_pthread_h=yes
ac_cv_header_resolv_h=yes
ac_cv_header_signal_h=yes
ac_cv_header_stdarg_h=yes
ac_cv_header_stdc=yes
ac_cv_header_stdint_h=yes
ac_cv_header_stdlib_h=yes
ac_cv_header_string_h=yes
ac_cv_header_strings_h=yes
ac_cv_header_sys_mman_h=yes
ac_cv_header_sys_select_h=yes
ac_cv_header_sys_socket_h=yes
ac_cv_header_sys_stat_h=yes
ac_cv_header_sys_time_h=yes
ac_cv_header_sys_timeb_h=yes
ac_cv_header_sys_types_h=yes
ac_cv_header_time_h=yes
ac_cv_header_unistd_h=yes
ac_cv_header_zlib_h=yes
ac_cv_host=x86_64-apple-darwin16.0.0
ac_cv_lib_dld_shl_load=no
ac_cv_lib_pthread_pthread_join=yes
ac_cv_lib_z_gzread=yes
ac_cv_objext=o
ac_cv_path_EGREP='/usr/bin/grep -E'
ac_cv_path_FGREP='/usr/bin/grep -F'
ac_cv_path_GREP=/usr/bin/grep
ac_cv_path_MV=/bin/mv
ac_cv_path_PERL=/usr/bin/perl
ac_cv_path_PYTHON=/usr/bin/python
ac_cv_path_SED=/usr/bin/sed
ac_cv_path_TAR=/usr/bin/tar
ac_cv_path_WGET=/usr/bin/wget
ac_cv_path_XMLLINT=/opt/local/bin/xmllint
ac_cv_path_XSLTPROC=/usr/bin/xsltproc
ac_cv_path_ac_pt_PKG_CONFIG=/opt/local/bin/pkg-config
ac_cv_path_install='/usr/bin/install -c'
ac_cv_prog_AWK=awk
ac_cv_prog_CPP='gcc -E'
ac_cv_prog_ac_ct_AR=ar
ac_cv_prog_ac_ct_CC=gcc
ac_cv_prog_ac_ct_DSYMUTIL=dsymutil
ac_cv_prog_ac_ct_LIPO=lipo
ac_cv_prog_ac_ct_NMEDIT=nmedit
ac_cv_prog_ac_ct_OBJDUMP=objdump
ac_cv_prog_ac_ct_OTOOL=otool
ac_cv_prog_ac_ct_RANLIB=ranlib
ac_cv_prog_ac_ct_STRIP=strip
ac_cv_prog_cc_c89=
ac_cv_prog_cc_g=yes
ac_cv_prog_make_make_set=yes
ac_cv_search_connect='none required'
ac_cv_search_gethostent='none required'
ac_cv_search_opendir='none required'
ac_cv_search_setsockopt='none required'
am_cv_CC_dependencies_compiler_type=gcc3
lt_cv_apple_cc_single_mod=yes
lt_cv_deplibs_check_method=pass_all
lt_cv_file_magic_cmd='$MAGIC_CMD'
lt_cv_file_magic_test_file=
lt_cv_ld_exported_symbols_list=yes
lt_cv_ld_reload_flag=-r
lt_cv_nm_interface='BSD nm'
lt_cv_objdir=.libs
lt_cv_path_LD=/Applications/Xcode.app/Contents/Developer/Toolchains/XcodeDefault.xctoolchain/usr/bin/ld
lt_cv_path_NM='/usr/bin/nm -B'
lt_cv_prog_compiler_c_o=yes
lt_cv_prog_compiler_pic_works=yes
lt_cv_prog_compiler_rtti_exceptions=yes
lt_cv_prog_compiler_static_works=no
lt_cv_prog_gnu_ld=no
lt_cv_sys_global_symbol_pipe='sed -n -e '\''s/^.*[	 ]\([BCDEGRST][BCDEGRST]*\)[	 ][	 ]*_\([_A-Za-z][_A-Za-z0-9]*\)$/\1 _\2 \2/p'\'''
lt_cv_sys_global_symbol_to_c_name_address='sed -n -e '\''s/^: \([^ ]*\) $/  {\"\1\", (void *) 0},/p'\'' -e '\''s/^[BCDEGRST]* \([^ ]*\) \([^ ]*\)$/  {"\2", (void *) \&\2},/p'\'''
lt_cv_sys_global_symbol_to_c_name_address_lib_prefix='sed -n -e '\''s/^: \([^ ]*\) $/  {\"\1\", (void *) 0},/p'\'' -e '\''s/^[BCDEGRST]* \([^ ]*\) \(lib[^ ]*\)$/  {"\2", (void *) \&\2},/p'\'' -e '\''s/^[BCDEGRST]* \([^ ]*\) \([^ ]*\)$/  {"lib\2", (void *) \&\2},/p'\'''
lt_cv_sys_global_symbol_to_cdecl='sed -n -e '\''s/^T .* \(.*\)$/extern int \1();/p'\'' -e '\''s/^[BCDEGRST]* .* \(.*\)$/extern char \1;/p'\'''
lt_cv_sys_max_cmd_len=196608
pkg_cv_LZMA_CFLAGS=-I/Users/ryan/src/rotobox/3rd_party_build/include
pkg_cv_LZMA_LIBS='-L/Users/ryan/src/rotobox/3rd_party_build/lib -llzma'
xml_cv_iconv_arg2=
xml_cv_iconv_decl='extern size_t iconv (iconv_t cd,  char * *inbuf, size_t *inbytesleft, char * *outbuf, size_t *outbytesleft);'

## ----------------- ##
## Output variables. ##
## ----------------- ##

ACLOCAL='${SHELL} /Users/ryan/src/rotobox/3rd_party/libxml2/missing --run aclocal-1.11'
AMDEPBACKSLASH='\'
AMDEP_FALSE='#'
AMDEP_TRUE=''
AMTAR='${SHELL} /Users/ryan/src/rotobox/3rd_party/libxml2/missing --run tar'
AM_BACKSLASH='\'
AM_DEFAULT_VERBOSITY='0'
AR='ar'
AUTOCONF='${SHELL} /Users/ryan/src/rotobox/3rd_party/libxml2/missing --run autoconf'
AUTOHEADER='${SHELL} /Users/ryan/src/rotobox/3rd_party/libxml2/missing --run autoheader'
AUTOMAKE='${SHELL} /Users/ryan/src/rotobox/3rd_party/libxml2/missing --run automake-1.11'
AWK='awk'
BASE_THREAD_LIBS=''
C14N_OBJ='c14n.c'
CATALOG_OBJ='catalog.o'
CC='gcc'
CCDEPMODE='depmode=gcc3'
CFLAGS='-g -O2 -pedantic -W -Wformat -Wno-format-extra-args -Wunused -Wimplicit -Wreturn-type -Wswitch -Wcomment -Wtrigraphs -Wchar-subscripts -Wuninitialized -Wparentheses -Wshadow -Wpointer-arith -Wcast-align -Wwrite-strings -Waggregate-return -Wstrict-prototypes -Wmissing-prototypes -Wnested-externs -Winline -Wredundant-decls -Wno-long-long'
CPP='gcc -E'
CPPFLAGS='-I/Users/ryan/src/rotobox/3rd_party_build/include'
CYGPATH_W='echo'
CYGWIN_EXTRA_LDFLAGS=''
CYGWIN_EXTRA_PYTHON_LIBADD=''
DEBUG_OBJ='debugXML.o'
DEFS='-DHAVE_CONFIG_H'
DEPDIR='.deps'
DOCB_OBJ='DOCBparser.o'
DSYMUTIL='dsymutil'
DUMPBIN=''
ECHO_C='\c'
ECHO_N=''
ECHO_T=''
EGREP='/usr/bin/grep -E'
EXEEXT=''
FGREP='/usr/bin/grep -F'
FTP_OBJ='nanoftp.o'
GREP='/usr/bin/grep'
HAVE_ISINF=''
HAVE_ISNAN=''
HTML_DIR='$(datadir)/doc/$(PACKAGE)-$(VERSION)/html'
HTML_OBJ='HTMLparser.o HTMLtree.o'
HTTP_OBJ='nanohttp.o'
ICONV_LIBS=' -liconv'
ICU_CFLAGS=''
ICU_LIBS=''
INSTALL_DATA='${INSTALL} -m 644'
INSTALL_PROGRAM='${INSTALL}'
INSTALL_SCRIPT='${INSTALL}'
INSTALL_STRIP_PROGRAM='$(install_sh) -c -s'
LD='/Applications/Xcode.app/Contents/Developer/Toolchains/XcodeDefault.xctoolchain/usr/bin/ld'
LDFLAGS='-L/Users/ryan/src/rotobox/3rd_party_build/lib'
LIBOBJS=''
LIBS=''
LIBTOOL='$(SHELL) $(top_builddir)/libtool'
LIBXML_MAJOR_VERSION='2'
LIBXML_MICRO_VERSION='4'
LIBXML_MINOR_VERSION='9'
LIBXML_VERSION='2.9.4'
LIBXML_VERSION_EXTRA=''
LIBXML_VERSION_INFO='11:4:9'
LIBXML_VERSION_NUMBER='20904'
LIPO='lipo'
LN_S='ln -s'
LTLIBOBJS=''
LZMA_CFLAGS='-I/Users/ryan/src/rotobox/3rd_party_build/include'
LZMA_LIBS='-L/Users/ryan/src/rotobox/3rd_party_build/lib -llzma'
MAINT=''
MAINTAINER_MODE_FALSE='#'
MAINTAINER_MODE_TRUE=''
MAKEINFO='${SHELL} /Users/ryan/src/rotobox/3rd_party/libxml2/missing --run makeinfo'
MKDIR_P='./install-sh -c -d'
MODULE_EXTENSION='.so'
MODULE_PLATFORM_LIBS=''
MV='/bin/mv'
M_LIBS='-lm'
NM='/usr/bin/nm -B'
NMEDIT='nmedit'
OBJDUMP='objdump'
OBJEXT='o'
OTOOL64=':'
OTOOL='otool'
PACKAGE='libxml2'
PACKAGE_BUGREPORT=''
PACKAGE_NAME=''
PACKAGE_STRING=''
PACKAGE_TARNAME=''
PACKAGE_VERSION=''
PATH_SEPARATOR=':'
PERL='/usr/bin/perl'
PKG_CONFIG='/opt/local/bin/pkg-config'
PYTHON='/usr/bin/python'
PYTHON_INCLUDES='/System/Library/Frameworks/Python.framework/Versions/2.7/include/python2.7'
PYTHON_LIBS='-L/opt/local/Library/Frameworks/Python.framework/Versions/2.7/lib/python2.7/config -lpython2.7 -ldl -framework CoreFoundation'
PYTHON_SITE_PACKAGES='/Users/ryan/src/rotobox/3rd_party_build/python'
PYTHON_SUBDIR='python'
PYTHON_TESTS=' RelaxNGPythonTests SchemasPythonTests'
PYTHON_VERSION='2.7'
RANLIB='ranlib'
RDL_LIBS=''
READER_TEST='Readertests'
REBUILD_DOCS_FALSE=''
REBUILD_DOCS_TRUE='#'
RELDATE='Wed Oct  5 2016'
SED='/usr/bin/sed'
SET_MAKE=''
SHELL='/bin/sh'
STATIC_BINARIES=''
STRIP='strip'
TAR='/usr/bin/tar'
TEST_C14N='C14Ntests'
TEST_CATALOG='Catatests'
TEST_DEBUG='Scripttests'
TEST_HTML='HTMLtests'
TEST_MODULES='ModuleTests'
TEST_PATTERN='Patterntests'
TEST_PHTML='HTMLPushtests'
TEST_PUSH='XMLPushtests'
TEST_REGEXPS='Regexptests Automatatests'
TEST_SAX='SAXtests'
TEST_SCHEMAS='Schemastests Relaxtests'
TEST_SCHEMATRON='Schematrontests'
TEST_THREADS='Threadtests'
TEST_VALID='Validtests'
TEST_VTIME='VTimingtests'
TEST_XINCLUDE='XIncludetests'
TEST_XPATH='XPathtests'
TEST_XPTR='XPtrtests'
THREADS_W32_FALSE=''
THREADS_W32_TRUE='#'
THREAD_CFLAGS=' -D_REENTRANT'
THREAD_LIBS='-lpthread'
USE_VERSION_SCRIPT_FALSE=''
USE_VERSION_SCRIPT_TRUE='#'
VERSION='2.9.4'
VERSION_SCRIPT_FLAGS=''
WGET='/usr/bin/wget'
WIN32_EXTRA_LDFLAGS=''
WIN32_EXTRA_LIBADD=''
WIN32_EXTRA_PYTHON_LIBADD=''
WITH_C14N='1'
WITH_CATALOG='1'
WITH_DEBUG='1'
WITH_DOCB='1'
WITH_FTP='1'
WITH_HTML='1'
WITH_HTTP='1'
WITH_ICONV='1'
WITH_ICU='0'
WITH_ISO8859X='1'
WITH_LEGACY='1'
WITH_LZMA='1'
WITH_MEM_DEBUG='0'
WITH_MODULES='1'
WITH_OUTPUT='1'
WITH_PATTERN='1'
WITH_PUSH='1'
WITH_PYTHON_FALSE='#'
WITH_PYTHON_TRUE=''
WITH_READER='1'
WITH_REGEXPS='1'
WITH_RUN_DEBUG='0'
WITH_SAX1='1'
WITH_SAX1_SOURCES_FALSE=''
WITH_SAX1_SOURCES_TRUE='#'
WITH_SCHEMAS='1'
WITH_SCHEMATRON='1'
WITH_THREADS='1'
WITH_THREAD_ALLOC='0'
WITH_TREE='1'
WITH_TRIO='0'
WITH_TRIO_SOURCES_FALSE=''
WITH_TRIO_SOURCES_TRUE='#'
WITH_VALID='1'
WITH_WRITER='1'
WITH_XINCLUDE='1'
WITH_XPATH='1'
WITH_XPTR='1'
WITH_ZLIB='1'
XINCLUDE_OBJ='xinclude.o'
XMLLINT='/opt/local/bin/xmllint'
XML_CFLAGS=''
XML_INCLUDEDIR='-I${includedir}/libxml2'
XML_LIBDIR='-L${libdir}'
XML_LIBS='-lxml2 -lz -L/Users/ryan/src/rotobox/3rd_party_build/lib -llzma -lpthread  -liconv  -lm '
XML_LIBTOOLLIBS='libxml2.la'
XPATH_OBJ='xpath.o'
XPTR_OBJ='xpointer.o'
XSLTPROC='/usr/bin/xsltproc'
Z_CFLAGS=''
Z_LIBS='-lz'
ac_ct_CC='gcc'
ac_ct_DUMPBIN=''
am__EXEEXT_FALSE=''
am__EXEEXT_TRUE='#'
am__fastdepCC_FALSE='#'
am__fastdepCC_TRUE=''
am__include='include'
am__isrc=''
am__leading_dot='.'
am__quote=''
am__tar='${AMTAR} chof - "$$tardir"'
am__untar='${AMTAR} xf -'
bindir='${exec_prefix}/bin'
build='x86_64-apple-darwin16.0.0'
build_alias=''
build_cpu='x86_64'
build_os='darwin16.0.0'
build_vendor='apple'
datadir='${datarootdir}'
datarootdir='${prefix}/share'
docdir='${datarootdir}/doc/${PACKAGE}'
dvidir='${docdir}'
exec_prefix='${prefix}'
host='x86_64-apple-darwin16.0.0'
host_alias=''
host_cpu='x86_64'
host_os='darwin16.0.0'
host_vendor='apple'
htmldir='${docdir}'
includedir='${prefix}/include'
infodir='${datarootdir}/info'
install_sh='${SHELL} /Users/ryan/src/rotobox/3rd_party/libxml2/install-sh'
libdir='${exec_prefix}/lib'
libexecdir='${exec_prefix}/libexec'
localedir='${datarootdir}/locale'
localstatedir='${prefix}/var'
lt_ECHO='/bin/echo'
mandir='${datarootdir}/man'
mkdir_p='$(top_builddir)/./install-sh -c -d'
oldincludedir='/usr/include'
pdfdir='${docdir}'
prefix='/Users/ryan/src/rotobox/3rd_party_build'
program_transform_name='s,x,x,'
psdir='${docdir}'
pythondir='$(PYTHON_SITE_PACKAGES)'
sbindir='${exec_prefix}/sbin'
sharedstatedir='${prefix}/com'
sysconfdir='${prefix}/etc'
target_alias=''

## ----------- ##
## confdefs.h. ##
## ----------- ##

#define PACKAGE_NAME ""
#define PACKAGE_TARNAME ""
#define PACKAGE_VERSION ""
#define PACKAGE_STRING ""
#define PACKAGE_BUGREPORT ""
#define PACKAGE "libxml2"
#define VERSION "2.9.4"
#define STDC_HEADERS 1
#define HAVE_SYS_TYPES_H 1
#define HAVE_SYS_STAT_H 1
#define HAVE_STDLIB_H 1
#define HAVE_STRING_H 1
#define HAVE_MEMORY_H 1
#define HAVE_STRINGS_H 1
#define HAVE_INTTYPES_H 1
#define HAVE_STDINT_H 1
#define HAVE_UNISTD_H 1
#define HAVE_DLFCN_H 1
#define LT_OBJDIR ".libs/"
#define HAVE_ZLIB_H 1
#define HAVE_LIBZ 1
#define HAVE_LZMA_H 1
#define HAVE_LIBLZMA 1
#define HAVE_DIRENT_H 1
#define STDC_HEADERS 1
#define HAVE_FCNTL_H 1
#define HAVE_UNISTD_H 1
#define HAVE_CTYPE_H 1
#define HAVE_DIRENT_H 1
#define HAVE_ERRNO_H 1
#define HAVE_STDARG_H 1
#define HAVE_SYS_STAT_H 1
#define HAVE_SYS_TYPES_H 1
#define HAVE_STDINT_H 1
#define HAVE_INTTYPES_H 1
#define HAVE_TIME_H 1
#define HAVE_MATH_H 1
#define HAVE_LIMITS_H 1
#define HAVE_FLOAT_H 1
#define HAVE_STDLIB_H 1
#define HAVE_SYS_SOCKET_H 1
#define HAVE_NETINET_IN_H 1
#define HAVE_ARPA_INET_H 1
#define HAVE_NETDB_H 1
#define HAVE_SYS_TIME_H 1
#define HAVE_SYS_SELECT_H 1
#define HAVE_POLL_H 1
#define HAVE_SYS_MMAN_H 1
#define HAVE_SYS_TIMEB_H 1
#define HAVE_SIGNAL_H 1
#define HAVE_ARPA_NAMESER_H 1
#define HAVE_RESOLV_H 1
#define HAVE_DLFCN_H 1
#define HAVE_STRFTIME 1
#define HAVE_STRDUP 1
#define HAVE_STRNDUP 1
#define HAVE_STRERROR 1
#define HAVE_FINITE 1
#define HAVE_STRFTIME 1
#define HAVE_LOCALTIME 1
#define HAVE_GETTIMEOFDAY 1
#define HAVE_FTIME 1
#define HAVE_STAT 1
#define HAVE_SIGNAL 1
#define HAVE_RAND 1
#define HAVE_RAND_R 1
#define HAVE_SRAND 1
#define HAVE_TIME 1
#define HAVE_ISASCII 1
#define HAVE_MMAP 1
#define HAVE_MUNMAP 1
#define HAVE_PUTENV 1
#define HAVE_VA_COPY 1
#define VA_LIST_IS_ARRAY 1
#define XML_SOCKLEN_T socklen_t
#define GETHOSTBYNAME_ARG_CAST /**/
#define SEND_ARG2_CAST /**/
#define SUPPORT_IP6 /**/
#define HAVE_GETADDRINFO /**/
#define HAVE_ISNAN /**/
#define HAVE_ISINF /**/
#define HAVE_DLOPEN /**/
#define HAVE_LIBPTHREAD /**/
#define HAVE_PTHREAD_H /**/
#define ICONV_CONST 
#define HAVE_PRINTF 1
#define HAVE_SPRINTF 1
#define HAVE_FPRINTF 1
#define HAVE_SNPRINTF 1
#define HAVE_VFPRINTF 1
#define HAVE_VSPRINTF 1
#define HAVE_VSNPRINTF 1
#define HAVE_SSCANF 1

configure: exit 0
